INFO 2025-08-03 20:36:39,196 autoreload 19668 27252 Watching for file changes with StatReloader
INFO 2025-08-03 20:36:41,899 views 19668 24276 Home page loaded with 8 products
INFO 2025-08-03 20:36:41,933 context_processors 19668 24276 Categories context loaded: 4 main categories
ERROR 2025-08-03 20:36:41,966 views 19668 24276 Error in home view: Reverse for 'category_detail' with arguments '('',)' not found. 1 pattern(s) tried: ['categories/(?P<slug>[-a-zA-Z0-9_]+)/\\Z']
ERROR 2025-08-03 20:36:42,181 log 19668 24276 Internal Server Error: /
Traceback (most recent call last):
  File "D:\projects\drop.az\catalog\views.py", line 55, in home
    return render(request, 'catalog/home.html', context)
           ^^^^^^^^^^^^^^^^^^^^^^^^^^^^^^^^^^^^^^^^^^^^^
  File "D:\projects\drop.az\venv\Lib\site-packages\django\shortcuts.py", line 25, in render
    content = loader.render_to_string(template_name, context, request, using=using)
              ^^^^^^^^^^^^^^^^^^^^^^^^^^^^^^^^^^^^^^^^^^^^^^^^^^^^^^^^^^^^^^^^^^^^^
  File "D:\projects\drop.az\venv\Lib\site-packages\django\template\loader.py", line 62, in render_to_string
    return template.render(context, request)
           ^^^^^^^^^^^^^^^^^^^^^^^^^^^^^^^^^
  File "D:\projects\drop.az\venv\Lib\site-packages\django\template\backends\django.py", line 107, in render
    return self.template.render(context)
           ^^^^^^^^^^^^^^^^^^^^^^^^^^^^^
  File "D:\projects\drop.az\venv\Lib\site-packages\django\template\base.py", line 171, in render
    return self._render(context)
           ^^^^^^^^^^^^^^^^^^^^^
  File "D:\projects\drop.az\venv\Lib\site-packages\django\template\base.py", line 163, in _render
    return self.nodelist.render(context)
           ^^^^^^^^^^^^^^^^^^^^^^^^^^^^^
  File "D:\projects\drop.az\venv\Lib\site-packages\django\template\base.py", line 1016, in render
    return SafeString("".join([node.render_annotated(context) for node in self]))
                              ^^^^^^^^^^^^^^^^^^^^^^^^^^^^^^^^^^^^^^^^^^^^^^^^^
  File "D:\projects\drop.az\venv\Lib\site-packages\django\template\base.py", line 1016, in <listcomp>
    return SafeString("".join([node.render_annotated(context) for node in self]))
                               ^^^^^^^^^^^^^^^^^^^^^^^^^^^^^^
  File "D:\projects\drop.az\venv\Lib\site-packages\django\template\base.py", line 977, in render_annotated
    return self.render(context)
           ^^^^^^^^^^^^^^^^^^^^
  File "D:\projects\drop.az\venv\Lib\site-packages\django\template\loader_tags.py", line 159, in render
    return compiled_parent._render(context)
           ^^^^^^^^^^^^^^^^^^^^^^^^^^^^^^^^
  File "D:\projects\drop.az\venv\Lib\site-packages\django\template\base.py", line 163, in _render
    return self.nodelist.render(context)
           ^^^^^^^^^^^^^^^^^^^^^^^^^^^^^
  File "D:\projects\drop.az\venv\Lib\site-packages\django\template\base.py", line 1016, in render
    return SafeString("".join([node.render_annotated(context) for node in self]))
                              ^^^^^^^^^^^^^^^^^^^^^^^^^^^^^^^^^^^^^^^^^^^^^^^^^
  File "D:\projects\drop.az\venv\Lib\site-packages\django\template\base.py", line 1016, in <listcomp>
    return SafeString("".join([node.render_annotated(context) for node in self]))
                               ^^^^^^^^^^^^^^^^^^^^^^^^^^^^^^
  File "D:\projects\drop.az\venv\Lib\site-packages\django\template\base.py", line 977, in render_annotated
    return self.render(context)
           ^^^^^^^^^^^^^^^^^^^^
  File "D:\projects\drop.az\venv\Lib\site-packages\django\template\defaulttags.py", line 243, in render
    nodelist.append(node.render_annotated(context))
                    ^^^^^^^^^^^^^^^^^^^^^^^^^^^^^^
  File "D:\projects\drop.az\venv\Lib\site-packages\django\template\base.py", line 977, in render_annotated
    return self.render(context)
           ^^^^^^^^^^^^^^^^^^^^
  File "D:\projects\drop.az\venv\Lib\site-packages\django\template\defaulttags.py", line 327, in render
    return nodelist.render(context)
           ^^^^^^^^^^^^^^^^^^^^^^^^
  File "D:\projects\drop.az\venv\Lib\site-packages\django\template\base.py", line 1016, in render
    return SafeString("".join([node.render_annotated(context) for node in self]))
                              ^^^^^^^^^^^^^^^^^^^^^^^^^^^^^^^^^^^^^^^^^^^^^^^^^
  File "D:\projects\drop.az\venv\Lib\site-packages\django\template\base.py", line 1016, in <listcomp>
    return SafeString("".join([node.render_annotated(context) for node in self]))
                               ^^^^^^^^^^^^^^^^^^^^^^^^^^^^^^
  File "D:\projects\drop.az\venv\Lib\site-packages\django\template\base.py", line 977, in render_annotated
    return self.render(context)
           ^^^^^^^^^^^^^^^^^^^^
  File "D:\projects\drop.az\venv\Lib\site-packages\django\template\defaulttags.py", line 243, in render
    nodelist.append(node.render_annotated(context))
                    ^^^^^^^^^^^^^^^^^^^^^^^^^^^^^^
  File "D:\projects\drop.az\venv\Lib\site-packages\django\template\base.py", line 977, in render_annotated
    return self.render(context)
           ^^^^^^^^^^^^^^^^^^^^
  File "D:\projects\drop.az\venv\Lib\site-packages\django\template\defaulttags.py", line 480, in render
    url = reverse(view_name, args=args, kwargs=kwargs, current_app=current_app)
          ^^^^^^^^^^^^^^^^^^^^^^^^^^^^^^^^^^^^^^^^^^^^^^^^^^^^^^^^^^^^^^^^^^^^^
  File "D:\projects\drop.az\venv\Lib\site-packages\django\urls\base.py", line 98, in reverse
    resolved_url = resolver._reverse_with_prefix(view, prefix, *args, **kwargs)
                   ^^^^^^^^^^^^^^^^^^^^^^^^^^^^^^^^^^^^^^^^^^^^^^^^^^^^^^^^^^^^
  File "D:\projects\drop.az\venv\Lib\site-packages\django\urls\resolvers.py", line 831, in _reverse_with_prefix
    raise NoReverseMatch(msg)
django.urls.exceptions.NoReverseMatch: Reverse for 'category_detail' with arguments '('',)' not found. 1 pattern(s) tried: ['categories/(?P<slug>[-a-zA-Z0-9_]+)/\\Z']

During handling of the above exception, another exception occurred:

Traceback (most recent call last):
  File "D:\projects\drop.az\venv\Lib\site-packages\django\core\handlers\exception.py", line 55, in inner
    response = get_response(request)
               ^^^^^^^^^^^^^^^^^^^^^
  File "D:\projects\drop.az\venv\Lib\site-packages\django\core\handlers\base.py", line 197, in _get_response
    response = wrapped_callback(request, *callback_args, **callback_kwargs)
               ^^^^^^^^^^^^^^^^^^^^^^^^^^^^^^^^^^^^^^^^^^^^^^^^^^^^^^^^^^^^
  File "D:\projects\drop.az\catalog\views.py", line 60, in home
    return render(request, 'catalog/home.html', {'products': [], 'stats': {}})
           ^^^^^^^^^^^^^^^^^^^^^^^^^^^^^^^^^^^^^^^^^^^^^^^^^^^^^^^^^^^^^^^^^^^
  File "D:\projects\drop.az\venv\Lib\site-packages\django\shortcuts.py", line 25, in render
    content = loader.render_to_string(template_name, context, request, using=using)
              ^^^^^^^^^^^^^^^^^^^^^^^^^^^^^^^^^^^^^^^^^^^^^^^^^^^^^^^^^^^^^^^^^^^^^
  File "D:\projects\drop.az\venv\Lib\site-packages\django\template\loader.py", line 62, in render_to_string
    return template.render(context, request)
           ^^^^^^^^^^^^^^^^^^^^^^^^^^^^^^^^^
  File "D:\projects\drop.az\venv\Lib\site-packages\django\template\backends\django.py", line 107, in render
    return self.template.render(context)
           ^^^^^^^^^^^^^^^^^^^^^^^^^^^^^
  File "D:\projects\drop.az\venv\Lib\site-packages\django\template\base.py", line 171, in render
    return self._render(context)
           ^^^^^^^^^^^^^^^^^^^^^
  File "D:\projects\drop.az\venv\Lib\site-packages\django\template\base.py", line 163, in _render
    return self.nodelist.render(context)
           ^^^^^^^^^^^^^^^^^^^^^^^^^^^^^
  File "D:\projects\drop.az\venv\Lib\site-packages\django\template\base.py", line 1016, in render
    return SafeString("".join([node.render_annotated(context) for node in self]))
                              ^^^^^^^^^^^^^^^^^^^^^^^^^^^^^^^^^^^^^^^^^^^^^^^^^
  File "D:\projects\drop.az\venv\Lib\site-packages\django\template\base.py", line 1016, in <listcomp>
    return SafeString("".join([node.render_annotated(context) for node in self]))
                               ^^^^^^^^^^^^^^^^^^^^^^^^^^^^^^
  File "D:\projects\drop.az\venv\Lib\site-packages\django\template\base.py", line 977, in render_annotated
    return self.render(context)
           ^^^^^^^^^^^^^^^^^^^^
  File "D:\projects\drop.az\venv\Lib\site-packages\django\template\loader_tags.py", line 159, in render
    return compiled_parent._render(context)
           ^^^^^^^^^^^^^^^^^^^^^^^^^^^^^^^^
  File "D:\projects\drop.az\venv\Lib\site-packages\django\template\base.py", line 163, in _render
    return self.nodelist.render(context)
           ^^^^^^^^^^^^^^^^^^^^^^^^^^^^^
  File "D:\projects\drop.az\venv\Lib\site-packages\django\template\base.py", line 1016, in render
    return SafeString("".join([node.render_annotated(context) for node in self]))
                              ^^^^^^^^^^^^^^^^^^^^^^^^^^^^^^^^^^^^^^^^^^^^^^^^^
  File "D:\projects\drop.az\venv\Lib\site-packages\django\template\base.py", line 1016, in <listcomp>
    return SafeString("".join([node.render_annotated(context) for node in self]))
                               ^^^^^^^^^^^^^^^^^^^^^^^^^^^^^^
  File "D:\projects\drop.az\venv\Lib\site-packages\django\template\base.py", line 977, in render_annotated
    return self.render(context)
           ^^^^^^^^^^^^^^^^^^^^
  File "D:\projects\drop.az\venv\Lib\site-packages\django\template\defaulttags.py", line 243, in render
    nodelist.append(node.render_annotated(context))
                    ^^^^^^^^^^^^^^^^^^^^^^^^^^^^^^
  File "D:\projects\drop.az\venv\Lib\site-packages\django\template\base.py", line 977, in render_annotated
    return self.render(context)
           ^^^^^^^^^^^^^^^^^^^^
  File "D:\projects\drop.az\venv\Lib\site-packages\django\template\defaulttags.py", line 327, in render
    return nodelist.render(context)
           ^^^^^^^^^^^^^^^^^^^^^^^^
  File "D:\projects\drop.az\venv\Lib\site-packages\django\template\base.py", line 1016, in render
    return SafeString("".join([node.render_annotated(context) for node in self]))
                              ^^^^^^^^^^^^^^^^^^^^^^^^^^^^^^^^^^^^^^^^^^^^^^^^^
  File "D:\projects\drop.az\venv\Lib\site-packages\django\template\base.py", line 1016, in <listcomp>
    return SafeString("".join([node.render_annotated(context) for node in self]))
                               ^^^^^^^^^^^^^^^^^^^^^^^^^^^^^^
  File "D:\projects\drop.az\venv\Lib\site-packages\django\template\base.py", line 977, in render_annotated
    return self.render(context)
           ^^^^^^^^^^^^^^^^^^^^
  File "D:\projects\drop.az\venv\Lib\site-packages\django\template\defaulttags.py", line 243, in render
    nodelist.append(node.render_annotated(context))
                    ^^^^^^^^^^^^^^^^^^^^^^^^^^^^^^
  File "D:\projects\drop.az\venv\Lib\site-packages\django\template\base.py", line 977, in render_annotated
    return self.render(context)
           ^^^^^^^^^^^^^^^^^^^^
  File "D:\projects\drop.az\venv\Lib\site-packages\django\template\defaulttags.py", line 480, in render
    url = reverse(view_name, args=args, kwargs=kwargs, current_app=current_app)
          ^^^^^^^^^^^^^^^^^^^^^^^^^^^^^^^^^^^^^^^^^^^^^^^^^^^^^^^^^^^^^^^^^^^^^
  File "D:\projects\drop.az\venv\Lib\site-packages\django\urls\base.py", line 98, in reverse
    resolved_url = resolver._reverse_with_prefix(view, prefix, *args, **kwargs)
                   ^^^^^^^^^^^^^^^^^^^^^^^^^^^^^^^^^^^^^^^^^^^^^^^^^^^^^^^^^^^^
  File "D:\projects\drop.az\venv\Lib\site-packages\django\urls\resolvers.py", line 831, in _reverse_with_prefix
    raise NoReverseMatch(msg)
django.urls.exceptions.NoReverseMatch: Reverse for 'category_detail' with arguments '('',)' not found. 1 pattern(s) tried: ['categories/(?P<slug>[-a-zA-Z0-9_]+)/\\Z']
WARNING 2025-08-03 20:36:42,364 log 19668 24276 Not Found: /favicon.ico
INFO 2025-08-03 20:38:49,837 autoreload 19668 27252 D:\projects\drop.az\catalog\context_processors.py changed, reloading.
INFO 2025-08-03 20:38:50,367 autoreload 17144 18948 Watching for file changes with StatReloader
INFO 2025-08-03 20:40:01,697 autoreload 23392 14200 Watching for file changes with StatReloader
INFO 2025-08-03 20:40:07,167 views 23392 2828 Home page loaded with 8 products
INFO 2025-08-03 20:40:07,202 context_processors 23392 2828 Categories context loaded: 4 main categories
INFO 2025-08-03 20:40:09,132 views 23392 26188 Home page loaded with 8 products
INFO 2025-08-03 20:40:26,434 views 23392 26236 Categories page loaded with 4 main categories
INFO 2025-08-03 20:44:27,632 views 23392 26236 Categories page loaded with 4 main categories
INFO 2025-08-03 20:44:34,890 views 23392 26884 Categories page loaded with 4 main categories
INFO 2025-08-03 20:45:00,232 views 23392 25808 Categories page loaded with 4 main categories
INFO 2025-08-03 20:45:12,983 views 23392 25912 Category detail loaded: Aptek with 1 products
INFO 2025-08-03 20:45:12,983 context_processors 23392 25912 Categories context loaded: 4 main categories
INFO 2025-08-03 20:45:23,715 views 23392 25912 Categories page loaded with 4 main categories
INFO 2025-08-03 20:48:02,335 views 23392 25912 Home page loaded with 8 products
INFO 2025-08-03 20:51:46,587 views 23392 25912 Home page loaded with 8 products
INFO 2025-08-03 20:51:46,594 context_processors 23392 25912 Categories context loaded: 4 main categories
INFO 2025-08-03 20:58:51,534 views 23392 17528 Home page loaded with 8 products
INFO 2025-08-03 20:58:51,550 context_processors 23392 17528 Categories context loaded: 4 main categories
INFO 2025-08-03 21:00:25,133 views 23392 26300 Category detail loaded: Aptek with 1 products
INFO 2025-08-03 21:00:29,645 views 23392 12296 Categories page loaded with 4 main categories
INFO 2025-08-03 21:02:46,445 views 23392 12296 Categories page loaded with 4 main categories
INFO 2025-08-03 21:03:20,070 views 23392 26300 Home page loaded with 8 products
INFO 2025-08-03 21:10:36,361 views 23392 21052 Home page loaded with 8 products
INFO 2025-08-03 21:10:36,369 context_processors 23392 21052 Categories context loaded: 4 main categories
INFO 2025-08-03 21:16:16,869 views 23392 23264 Home page loaded with 8 products
INFO 2025-08-03 21:16:16,886 context_processors 23392 23264 Categories context loaded: 4 main categories
INFO 2025-08-03 21:22:28,079 views 23392 20892 Home page loaded with 8 products
INFO 2025-08-03 21:22:28,089 context_processors 23392 20892 Categories context loaded: 4 main categories
INFO 2025-08-03 21:22:39,079 views 23392 26920 Categories page loaded with 4 main categories
INFO 2025-08-03 21:27:23,326 views 23392 9732 Categories page loaded with 4 main categories
INFO 2025-08-03 21:33:04,704 views 23392 26344 Categories page loaded with 4 main categories
INFO 2025-08-03 21:33:04,718 context_processors 23392 26344 Categories context loaded: 4 main categories
INFO 2025-08-03 21:33:12,986 views 23392 17772 Category detail loaded: Sehiyye with 3 products
INFO 2025-08-03 21:33:16,319 views 23392 29452 Home page loaded with 8 products
INFO 2025-08-03 21:33:21,620 views 23392 29452 Home page loaded with 8 products
INFO 2025-08-03 21:39:34,905 views 23392 20176 Home page loaded with 8 products
INFO 2025-08-03 21:39:34,913 context_processors 23392 20176 Categories context loaded: 4 main categories
INFO 2025-08-03 21:39:53,531 views 23392 26816 Category detail loaded: Sehiyye with 3 products
INFO 2025-08-03 21:42:11,289 views 23392 11880 Home page loaded with 8 products
INFO 2025-08-03 21:52:09,692 views 23392 26392 Home page loaded with 8 products
INFO 2025-08-03 21:52:09,692 context_processors 23392 26392 Categories context loaded: 4 main categories
WARNING 2025-08-03 21:55:11,564 log 23392 16248 Not Found: /.well-known/appspecific/com.chrome.devtools.json
INFO 2025-08-03 21:55:13,646 views 23392 16248 Categories page loaded with 4 main categories
WARNING 2025-08-03 21:55:13,773 log 23392 11160 Not Found: /.well-known/appspecific/com.chrome.devtools.json
INFO 2025-08-03 21:55:21,660 views 23392 11160 Categories page loaded with 4 main categories
WARNING 2025-08-03 21:55:21,776 log 23392 11160 Not Found: /.well-known/appspecific/com.chrome.devtools.json
INFO 2025-08-03 21:55:24,261 views 23392 11160 Home page loaded with 8 products
WARNING 2025-08-03 21:55:24,375 log 23392 16248 Not Found: /.well-known/appspecific/com.chrome.devtools.json
INFO 2025-08-03 21:55:48,977 views 23392 16248 Categories page loaded with 4 main categories
WARNING 2025-08-03 21:55:49,120 log 23392 16936 Not Found: /.well-known/appspecific/com.chrome.devtools.json
INFO 2025-08-03 21:55:51,045 views 23392 16936 Categories page loaded with 4 main categories
WARNING 2025-08-03 21:55:51,173 log 23392 16936 Not Found: /.well-known/appspecific/com.chrome.devtools.json
INFO 2025-08-03 21:55:53,938 views 23392 16936 Categories page loaded with 4 main categories
WARNING 2025-08-03 21:55:54,055 log 23392 16936 Not Found: /.well-known/appspecific/com.chrome.devtools.json
INFO 2025-08-03 21:55:58,585 views 23392 16936 Categories page loaded with 4 main categories
INFO 2025-08-03 22:24:12,521 views 23392 20800 Categories page loaded with 4 main categories
INFO 2025-08-03 22:24:12,537 context_processors 23392 20800 Categories context loaded: 4 main categories
WARNING 2025-08-03 22:24:12,657 log 23392 23444 Not Found: /.well-known/appspecific/com.chrome.devtools.json
INFO 2025-08-03 22:24:41,221 views 23392 23444 Categories page loaded with 4 main categories
INFO 2025-08-03 22:24:46,200 views 23392 27572 Home page loaded with 8 products
INFO 2025-08-03 22:24:50,221 views 23392 23444 Categories page loaded with 4 main categories
INFO 2025-08-03 22:24:58,239 views 23392 5000 Home page loaded with 8 products
INFO 2025-08-03 22:26:01,639 views 23392 23444 Categories page loaded with 4 main categories
INFO 2025-08-03 22:28:39,484 views 23392 26100 Home page loaded with 8 products
INFO 2025-08-03 22:30:49,173 views 23392 20240 Categories page loaded with 4 main categories
INFO 2025-08-03 22:30:49,173 context_processors 23392 20240 Categories context loaded: 4 main categories
INFO 2025-08-03 22:30:54,058 views 23392 20240 Category detail loaded: Sehiyye with 3 products
INFO 2025-08-03 22:30:58,439 views 23392 20240 Home page loaded with 8 products
INFO 2025-08-03 22:31:02,073 views 23392 26100 Categories page loaded with 4 main categories
INFO 2025-08-03 22:31:07,040 views 23392 26100 Home page loaded with 8 products
INFO 2025-08-03 22:31:10,640 views 23392 25924 Categories page loaded with 4 main categories
INFO 2025-08-03 22:31:30,706 views 23392 25924 Home page loaded with 8 products
INFO 2025-08-03 22:31:39,458 views 23392 19264 Home page loaded with 8 products
INFO 2025-08-03 22:38:20,499 views 23392 29044 Home page loaded with 8 products
INFO 2025-08-03 22:38:20,510 context_processors 23392 29044 Categories context loaded: 4 main categories
INFO 2025-08-03 22:38:22,135 views 23392 29044 Home page loaded with 8 products
INFO 2025-08-03 22:46:53,856 views 23392 16528 Home page loaded with 8 products
INFO 2025-08-03 22:46:53,866 context_processors 23392 16528 Categories context loaded: 4 main categories
INFO 2025-08-03 22:47:06,041 views 23392 28612 Category detail loaded: Sehiyye with 3 products
INFO 2025-08-03 22:47:09,281 views 23392 28612 Home page loaded with 8 products
INFO 2025-08-03 23:12:18,888 views 23392 25172 Home page loaded with 8 products
INFO 2025-08-03 23:12:18,907 context_processors 23392 25172 Categories context loaded: 4 main categories
INFO 2025-08-03 23:12:37,884 views 23392 14940 Categories page loaded with 4 main categories
INFO 2025-08-03 23:12:50,985 views 23392 14940 Home page loaded with 8 products
WARNING 2025-08-03 23:13:31,873 log 23392 25172 Not Found: /.well-known/appspecific/com.chrome.devtools.json
INFO 2025-08-04 16:56:49,763 views 23392 17384 Home page loaded with 8 products
INFO 2025-08-04 16:56:49,779 context_processors 23392 17384 Categories context loaded: 4 main categories
INFO 2025-08-04 16:57:14,229 views 23392 23168 Categories page loaded with 4 main categories
INFO 2025-08-04 16:57:24,081 views 23392 23168 Category detail loaded: Elektronika with 3 products
INFO 2025-08-04 16:57:30,964 views 23392 23168 Home page loaded with 8 products
WARNING 2025-08-04 16:58:49,896 log 23392 8400 Not Found: /favicon.ico
INFO 2025-08-04 16:59:06,243 views 23392 13956 Categories page loaded with 4 main categories
INFO 2025-08-04 17:00:26,296 views 23392 13956 Categories page loaded with 4 main categories
INFO 2025-08-04 17:00:31,399 views 23392 13956 Home page loaded with 8 products
INFO 2025-08-04 17:03:35,147 context_processors 23392 17400 Categories context loaded: 5 main categories
INFO 2025-08-04 17:03:37,023 views 23392 9032 Home page loaded with 8 products
INFO 2025-08-04 17:05:01,943 views 23392 23376 Home page loaded with 8 products
INFO 2025-08-04 17:05:25,262 views 23392 27516 Categories page loaded with 5 main categories
INFO 2025-08-04 17:54:04,618 views 23392 7152 Home page loaded with 8 products
INFO 2025-08-04 17:54:04,636 context_processors 23392 7152 Categories context loaded: 5 main categories
INFO 2025-08-04 18:44:04,462 views 23392 16876 Home page loaded with 8 products
INFO 2025-08-04 18:44:04,482 context_processors 23392 16876 Categories context loaded: 5 main categories
INFO 2025-08-05 01:04:22,547 views 23392 18876 Home page loaded with 8 products
INFO 2025-08-05 01:04:22,564 context_processors 23392 18876 Categories context loaded: 5 main categories
INFO 2025-08-05 01:04:29,399 views 23392 18876 Home page loaded with 8 products
INFO 2025-08-05 01:27:49,956 views 23392 11060 Home page loaded with 8 products
INFO 2025-08-05 01:27:49,969 context_processors 23392 11060 Categories context loaded: 5 main categories
INFO 2025-08-05 01:27:55,594 views 23392 27616 Category detail loaded: Sehiyye with 3 products
INFO 2025-08-05 01:28:03,076 views 23392 27616 Home page loaded with 8 products
INFO 2025-08-05 01:28:26,086 views 23392 27616 Category detail loaded: Qida with 1 products
INFO 2025-08-05 01:28:34,097 views 23392 27616 Category detail loaded: Sehiyye with 3 products
INFO 2025-08-05 01:28:58,673 views 23392 27616 Home page loaded with 8 products
INFO 2025-08-05 01:33:51,846 views 23392 27616 Home page loaded with 8 products
INFO 2025-08-05 01:33:51,861 context_processors 23392 27616 Categories context loaded: 5 main categories
INFO 2025-08-05 01:34:50,458 views 23392 29044 Home page loaded with 8 products
INFO 2025-08-05 01:36:14,284 views 23392 16876 Home page loaded with 8 products
INFO 2025-08-05 01:38:09,593 autoreload 23392 14200 D:\projects\drop.az\catalog\context_processors.py changed, reloading.
INFO 2025-08-05 01:38:10,631 autoreload 19812 28588 Watching for file changes with StatReloader
INFO 2025-08-05 01:38:17,230 views 19812 16316 Home page loaded with 8 products
INFO 2025-08-05 01:38:17,275 context_processors 19812 16316 3-Level Categories context loaded: 5 main categories
INFO 2025-08-05 01:39:34,302 autoreload 19812 28588 D:\projects\drop.az\catalog\context_processors.py changed, reloading.
INFO 2025-08-05 01:39:34,858 autoreload 13292 14872 Watching for file changes with StatReloader
INFO 2025-08-05 01:39:41,966 views 13292 21276 Home page loaded with 8 products
INFO 2025-08-05 01:39:42,001 context_processors 13292 21276 3-Level Categories context loaded: 5 main categories
INFO 2025-08-05 01:43:19,375 views 13292 5008 Home page loaded with 8 products
INFO 2025-08-05 01:44:47,450 context_processors 13292 5008 3-Level Categories context loaded: 5 main categories
WARNING 2025-08-05 01:44:47,697 log 13292 5008 Not Found: /favicon.ico
INFO 2025-08-05 01:46:04,353 views 13292 5008 Home page loaded with 8 products
WARNING 2025-08-05 01:46:12,130 log 13292 10464 Not Found: /favicon.ico
INFO 2025-08-05 01:48:12,183 views 13292 10464 Home page loaded with 8 products
INFO 2025-08-05 01:48:22,581 views 13292 5008 Home page loaded with 8 products
INFO 2025-08-05 01:48:44,658 views 13292 5008 Home page loaded with 8 products
WARNING 2025-08-05 01:48:54,114 log 13292 10464 Not Found: /favicon.ico
INFO 2025-08-05 01:51:37,894 views 13292 10464 Home page loaded with 8 products
INFO 2025-08-05 01:51:37,911 context_processors 13292 10464 3-Level Categories context loaded: 5 main categories
INFO 2025-08-05 01:52:27,349 views 13292 21276 Home page loaded with 8 products
INFO 2025-08-05 01:55:28,849 views 13292 10464 Home page loaded with 8 products
INFO 2025-08-05 01:55:59,138 views 13292 23348 Home page loaded with 8 products
INFO 2025-08-05 01:58:33,984 views 13292 23348 Home page loaded with 8 products
INFO 2025-08-05 01:58:33,999 context_processors 13292 23348 3-Level Categories context loaded: 5 main categories
INFO 2025-08-05 02:02:13,385 views 13292 10464 Home page loaded with 8 products
INFO 2025-08-05 02:18:23,376 autoreload 13292 14872 D:\projects\drop.az\catalog\context_processors.py changed, reloading.
INFO 2025-08-05 02:18:24,113 autoreload 25328 26528 Watching for file changes with StatReloader
INFO 2025-08-05 02:39:17,545 views 25328 6772 Home page loaded with 8 products
INFO 2025-08-05 02:39:17,593 context_processors 25328 6772 Categories context loaded: 5 main categories
INFO 2025-08-05 02:39:30,300 views 25328 27952 Category detail loaded: Qida with 1 products
INFO 2025-08-05 02:49:52,368 context_processors 25328 26428 Categories context loaded: 5 main categories
INFO 2025-08-05 02:49:55,493 views 25328 12800 Home page loaded with 8 products
INFO 2025-08-05 02:50:04,443 views 25328 12800 Category detail loaded: Qida with 1 products
INFO 2025-08-05 02:52:09,277 views 25328 12008 Home page loaded with 8 products
INFO 2025-08-05 02:52:19,725 views 25328 12008 Home page loaded with 8 products
INFO 2025-08-05 03:11:11,680 autoreload 23344 21216 Watching for file changes with StatReloader
INFO 2025-08-05 03:11:12,966 views 23344 24780 Home page loaded with 8 products
INFO 2025-08-05 03:11:12,991 context_processors 23344 24780 Categories context loaded: 5 main categories
INFO 2025-08-05 03:12:47,176 views 23344 23704 Home page loaded with 8 products
INFO 2025-08-05 03:15:43,734 views 23344 30612 Home page loaded with 8 products
INFO 2025-08-05 03:21:12,066 views 23344 28416 Home page loaded with 8 products
INFO 2025-08-05 03:21:12,082 context_processors 23344 28416 Categories context loaded: 5 main categories
INFO 2025-08-05 03:21:22,486 views 23344 20596 Home page loaded with 8 products
INFO 2025-08-05 03:21:31,402 views 23344 1640 Home page loaded with 8 products
INFO 2025-08-05 03:22:00,725 autoreload 23344 21216 D:\projects\drop.az\catalog\context_processors.py changed, reloading.
INFO 2025-08-05 03:22:01,450 autoreload 3900 1444 Watching for file changes with StatReloader
INFO 2025-08-05 03:22:09,698 views 3900 20080 Home page loaded with 8 products
INFO 2025-08-05 03:22:09,762 context_processors 3900 20080 Categories context loaded: 5 main categories
INFO 2025-08-05 03:23:19,149 autoreload 3900 1444 D:\projects\drop.az\catalog\context_processors.py changed, reloading.
INFO 2025-08-05 03:23:19,718 autoreload 6572 15636 Watching for file changes with StatReloader
INFO 2025-08-05 03:25:58,004 autoreload 6572 15636 D:\projects\drop.az\catalog\views.py changed, reloading.
INFO 2025-08-05 03:25:58,620 autoreload 29712 12428 Watching for file changes with StatReloader
INFO 2025-08-05 03:26:08,734 views 29712 400 Home page loaded with 8 products
INFO 2025-08-05 03:26:08,798 context_processors 29712 400 3-Level Categories context loaded: 5 main categories
INFO 2025-08-05 03:39:06,751 views 29712 14344 Home page loaded with 8 products
INFO 2025-08-05 03:39:06,771 context_processors 29712 14344 3-Level Categories context loaded: 5 main categories
ERROR 2025-08-05 03:39:59,787 views 29712 28420 Error in category_detail: No Category matches the given query.
INFO 2025-08-05 03:39:59,848 views 29712 28420 Categories page loaded with 5 main categories
INFO 2025-08-05 03:40:09,136 views 29712 14344 Categories page loaded with 5 main categories
INFO 2025-08-05 03:40:12,734 views 29712 14344 Home page loaded with 8 products
INFO 2025-08-05 03:40:18,866 views 29712 1104 Home page loaded with 8 products
INFO 2025-08-05 03:40:42,603 views 29712 1104 Home page loaded with 8 products
INFO 2025-08-05 04:11:46,998 views 29712 27240 Home page loaded with 8 products
INFO 2025-08-05 04:11:47,016 context_processors 29712 27240 3-Level Categories context loaded: 5 main categories
INFO 2025-08-05 04:17:28,306 autoreload 29712 12428 D:\projects\drop.az\catalog\context_processors.py changed, reloading.
INFO 2025-08-05 04:17:29,106 autoreload 28664 28400 Watching for file changes with StatReloader
INFO 2025-08-05 04:33:08,911 views 28664 29876 Home page loaded with 8 products
INFO 2025-08-05 04:33:08,986 context_processors 28664 29876 3-Level Categories context loaded: 5 main categories
INFO 2025-08-05 04:37:05,538 views 28664 24524 Home page loaded with 8 products
INFO 2025-08-05 04:37:33,987 views 28664 24524 Category detail loaded: Qida with 1 products
INFO 2025-08-05 04:37:42,800 views 28664 24524 Home page loaded with 8 products
INFO 2025-08-05 04:41:33,278 context_processors 28664 24524 3-Level Categories context loaded: 5 main categories
INFO 2025-08-05 04:41:36,007 views 28664 24524 Home page loaded with 8 products
INFO 2025-08-05 04:41:54,319 views 28664 24524 Category detail loaded: Qida with 1 products
INFO 2025-08-05 16:31:10,765 views 28664 11720 Home page loaded with 8 products
INFO 2025-08-05 16:31:10,798 context_processors 28664 11720 3-Level Categories context loaded: 5 main categories
INFO 2025-08-05 17:26:29,861 views 28664 8264 Home page loaded with 8 products
INFO 2025-08-05 17:26:29,878 context_processors 28664 8264 3-Level Categories context loaded: 5 main categories
WARNING 2025-08-05 18:04:11,917 log 28664 29792 Not Found: /.well-known/appspecific/com.chrome.devtools.json
INFO 2025-08-05 18:07:05,769 autoreload 28664 28400 D:\projects\drop.az\catalog\context_processors.py changed, reloading.
INFO 2025-08-05 18:07:06,643 autoreload 13452 13848 Watching for file changes with StatReloader
INFO 2025-08-05 18:11:04,153 views 13452 14096 Home page loaded with 8 products
INFO 2025-08-05 18:11:04,212 context_processors 13452 14096 3-Level Categories context loaded: 5 main categories
WARNING 2025-08-05 18:11:14,932 log 13452 5932 Not Found: /.well-known/appspecific/com.chrome.devtools.json
INFO 2025-08-05 18:41:14,608 autoreload 12840 6244 Watching for file changes with StatReloader
INFO 2025-08-05 18:41:18,181 views 12840 6688 Home page loaded with 8 products
INFO 2025-08-05 18:41:18,208 context_processors 12840 6688 3-Level Categories context loaded: 5 main categories
INFO 2025-08-05 18:46:26,853 views 12840 8148 Home page loaded with 8 products
INFO 2025-08-05 18:46:26,870 context_processors 12840 8148 3-Level Categories context loaded: 5 main categories
INFO 2025-08-05 18:46:31,830 views 12840 8148 Categories page loaded with 5 main categories
INFO 2025-08-05 18:46:34,864 views 12840 15676 Home page loaded with 8 products
INFO 2025-08-05 18:51:48,928 views 12840 1412 Home page loaded with 8 products
INFO 2025-08-05 18:51:48,946 context_processors 12840 1412 3-Level Categories context loaded: 5 main categories
INFO 2025-08-05 20:19:06,670 views 12840 5928 Home page loaded with 8 products
INFO 2025-08-05 20:19:06,688 context_processors 12840 5928 3-Level Categories context loaded: 5 main categories
INFO 2025-08-05 20:47:20,397 autoreload 12840 6244 D:\projects\drop.az\catalog\context_processors.py changed, reloading.
INFO 2025-08-05 20:47:20,967 autoreload 13636 28180 Watching for file changes with StatReloader
INFO 2025-08-05 20:47:22,903 views 13636 20020 Home page loaded with 8 products
INFO 2025-08-05 20:47:22,943 context_processors 13636 20020 Full Width 3-Level Categories context loaded: 5 main categories
INFO 2025-08-05 20:51:01,657 autoreload 13636 28180 D:\projects\drop.az\catalog\context_processors.py changed, reloading.
INFO 2025-08-05 20:51:02,261 autoreload 31400 23384 Watching for file changes with StatReloader
INFO 2025-08-05 20:51:07,585 views 31400 19268 Home page loaded with 8 products
INFO 2025-08-05 20:51:07,625 context_processors 31400 19268 Full Width 3-Level Categories context loaded: 5 main categories
WARNING 2025-08-05 20:54:45,536 log 31400 19268 Not Found: /.well-known/appspecific/com.chrome.devtools.json
INFO 2025-08-05 20:55:45,221 views 31400 19268 Home page loaded with 8 products
INFO 2025-08-05 20:55:56,706 views 31400 17388 Home page loaded with 8 products
INFO 2025-08-05 20:58:18,964 views 31400 15652 Categories page loaded with 5 main categories
INFO 2025-08-05 20:58:19,004 context_processors 31400 15652 Full Width 3-Level Categories context loaded: 5 main categories
INFO 2025-08-05 20:59:20,223 views 31400 31348 Home page loaded with 8 products
INFO 2025-08-05 20:59:23,201 views 31400 31348 Categories page loaded with 5 main categories
INFO 2025-08-05 20:59:29,110 views 31400 31348 Home page loaded with 8 products
INFO 2025-08-05 21:13:44,852 views 31400 31376 Home page loaded with 8 products
INFO 2025-08-05 21:13:44,867 context_processors 31400 31376 Full Width 3-Level Categories context loaded: 5 main categories
INFO 2025-08-05 21:13:52,848 views 31400 8148 Home page loaded with 8 products
INFO 2025-08-05 21:13:57,043 views 31400 8148 Home page loaded with 8 products
INFO 2025-08-05 21:13:59,581 views 31400 8148 Category detail loaded: Qida with 1 products
INFO 2025-08-05 21:14:10,141 views 31400 8148 Category detail loaded: Qida with 1 products
INFO 2025-08-05 21:14:21,734 views 31400 25868 Category detail loaded: Qida with 1 products
INFO 2025-08-05 21:14:25,622 views 31400 8148 Home page loaded with 8 products
INFO 2025-08-05 21:16:05,779 views 31400 8148 Home page loaded with 8 products
INFO 2025-08-05 21:16:24,222 views 31400 25868 Home page loaded with 8 products
INFO 2025-08-05 21:16:37,298 views 31400 8148 Home page loaded with 8 products
INFO 2025-08-05 21:16:49,370 views 31400 9244 Home page loaded with 8 products
INFO 2025-08-05 21:17:02,069 views 31400 8148 Home page loaded with 8 products
INFO 2025-08-05 21:17:27,994 views 31400 9244 Home page loaded with 8 products
INFO 2025-08-05 21:18:18,663 views 31400 8148 Home page loaded with 8 products
INFO 2025-08-05 21:18:26,982 views 31400 12076 Home page loaded with 8 products
INFO 2025-08-05 21:18:37,384 views 31400 8148 Home page loaded with 8 products
INFO 2025-08-05 21:19:00,714 views 31400 9244 Home page loaded with 8 products
INFO 2025-08-05 21:19:00,732 context_processors 31400 9244 Full Width 3-Level Categories context loaded: 5 main categories
INFO 2025-08-05 21:19:08,913 views 31400 25868 Home page loaded with 8 products
INFO 2025-08-05 21:19:46,655 views 31400 9244 Home page loaded with 8 products
INFO 2025-08-05 21:20:21,689 views 31400 8148 Home page loaded with 8 products
INFO 2025-08-05 21:21:30,827 views 31400 9244 Home page loaded with 8 products
INFO 2025-08-05 21:21:53,745 views 31400 8148 Home page loaded with 8 products
INFO 2025-08-05 21:35:13,198 views 31400 28104 Home page loaded with 8 products
INFO 2025-08-05 21:35:13,214 context_processors 31400 28104 Full Width 3-Level Categories context loaded: 5 main categories
INFO 2025-08-05 21:35:26,017 views 31400 29872 Home page loaded with 8 products
INFO 2025-08-05 21:35:35,351 views 31400 28104 Home page loaded with 8 products
INFO 2025-08-05 21:40:16,873 views 31400 4144 Home page loaded with 8 products
INFO 2025-08-05 21:40:16,890 context_processors 31400 4144 Full Width 3-Level Categories context loaded: 5 main categories
INFO 2025-08-05 21:40:47,335 views 31400 29872 Category detail loaded: Sehiyye with 3 products
INFO 2025-08-05 21:40:52,198 views 31400 4144 Home page loaded with 8 products
WARNING 2025-08-05 21:41:16,643 log 31400 4144 Not Found: /.well-known/appspecific/com.chrome.devtools.json
INFO 2025-08-05 21:42:26,571 views 31400 4144 Home page loaded with 8 products
INFO 2025-08-05 21:45:39,719 views 31400 28104 Home page loaded with 8 products
INFO 2025-08-05 21:45:39,735 context_processors 31400 28104 Full Width 3-Level Categories context loaded: 5 main categories
INFO 2025-08-05 21:50:48,144 views 31400 4940 Home page loaded with 8 products
INFO 2025-08-05 21:50:48,160 context_processors 31400 4940 Full Width 3-Level Categories context loaded: 5 main categories
WARNING 2025-08-05 21:50:58,710 log 31400 2848 Not Found: /.well-known/appspecific/com.chrome.devtools.json
INFO 2025-08-05 22:09:15,186 views 31400 27216 Home page loaded with 8 products
INFO 2025-08-05 22:09:15,205 context_processors 31400 27216 Full Width 3-Level Categories context loaded: 5 main categories
WARNING 2025-08-05 22:09:22,075 log 31400 27876 Not Found: /.well-known/appspecific/com.chrome.devtools.json
INFO 2025-08-05 22:16:27,557 views 31400 11336 Home page loaded with 8 products
INFO 2025-08-05 22:16:27,573 context_processors 31400 11336 Full Width 3-Level Categories context loaded: 5 main categories
WARNING 2025-08-05 22:16:34,808 log 31400 30644 Not Found: /.well-known/appspecific/com.chrome.devtools.json
INFO 2025-08-05 22:18:06,878 views 31400 30644 Home page loaded with 8 products
INFO 2025-08-05 22:18:56,278 views 31400 18356 Home page loaded with 8 products
WARNING 2025-08-05 22:19:03,380 log 31400 30644 Not Found: /.well-known/appspecific/com.chrome.devtools.json
WARNING 2025-08-05 22:20:56,133 log 31400 30644 Not Found: /.well-known/appspecific/com.chrome.devtools.json
INFO 2025-08-05 22:23:49,236 views 31400 30644 Home page loaded with 8 products
INFO 2025-08-05 22:23:49,252 context_processors 31400 30644 Full Width 3-Level Categories context loaded: 5 main categories
WARNING 2025-08-05 22:23:49,360 log 31400 18152 Not Found: /.well-known/appspecific/com.chrome.devtools.json
INFO 2025-08-05 22:23:59,236 views 31400 18152 Home page loaded with 8 products
INFO 2025-08-05 22:24:22,073 views 31400 18764 Home page loaded with 8 products
INFO 2025-08-05 22:50:33,703 views 31400 31676 Home page loaded with 8 products
INFO 2025-08-05 22:50:33,720 context_processors 31400 31676 Full Width 3-Level Categories context loaded: 5 main categories
WARNING 2025-08-05 22:50:42,887 log 31400 18376 Not Found: /.well-known/appspecific/com.chrome.devtools.json
INFO 2025-08-05 22:51:03,421 views 31400 18376 Home page loaded with 8 products
INFO 2025-08-05 22:51:09,854 views 31400 26656 Home page loaded with 8 products
INFO 2025-08-05 22:51:33,492 views 31400 31676 Home page loaded with 8 products
INFO 2025-08-05 22:52:00,381 views 31400 20748 Home page loaded with 8 products
INFO 2025-08-05 23:19:10,792 views 31400 23348 Home page loaded with 8 products
INFO 2025-08-05 23:19:10,810 context_processors 31400 23348 Full Width 3-Level Categories context loaded: 5 main categories
WARNING 2025-08-05 23:19:19,825 log 31400 4800 Not Found: /.well-known/appspecific/com.chrome.devtools.json
INFO 2025-08-05 23:19:30,153 views 31400 4800 Category detail loaded: Avto with 1 products
WARNING 2025-08-05 23:19:30,303 log 31400 23348 Not Found: /.well-known/appspecific/com.chrome.devtools.json
INFO 2025-08-05 23:21:01,805 views 31400 23348 Category detail loaded: Avto with 1 products
WARNING 2025-08-05 23:21:01,962 log 31400 23348 Not Found: /.well-known/appspecific/com.chrome.devtools.json
INFO 2025-08-05 23:21:18,632 views 31400 23348 Category detail loaded: Avto with 1 products
WARNING 2025-08-05 23:21:18,767 log 31400 23348 Not Found: /.well-known/appspecific/com.chrome.devtools.json
INFO 2025-08-05 23:21:22,488 views 31400 23348 Home page loaded with 8 products
WARNING 2025-08-05 23:21:22,610 log 31400 4800 Not Found: /.well-known/appspecific/com.chrome.devtools.json
WARNING 2025-08-05 23:21:31,232 log 31400 4800 Not Found: /.well-known/appspecific/com.chrome.devtools.json
INFO 2025-08-05 23:21:45,420 views 31400 4800 Categories page loaded with 5 main categories
WARNING 2025-08-05 23:21:45,559 log 31400 28768 Not Found: /.well-known/appspecific/com.chrome.devtools.json
INFO 2025-08-06 00:16:52,042 views 31400 30572 Category detail loaded: Qida with 1 products
INFO 2025-08-06 00:16:52,073 context_processors 31400 30572 Full Width 3-Level Categories context loaded: 5 main categories
INFO 2025-08-06 00:16:55,366 views 31400 7216 Home page loaded with 8 products
WARNING 2025-08-06 00:17:03,715 log 31400 32704 Not Found: /.well-known/appspecific/com.chrome.devtools.json
INFO 2025-08-06 00:19:26,903 views 31400 32704 Category detail loaded: Avto with 1 products
WARNING 2025-08-06 00:19:27,123 log 31400 32704 Not Found: /.well-known/appspecific/com.chrome.devtools.json
INFO 2025-08-06 00:19:29,407 views 31400 32704 Home page loaded with 8 products
WARNING 2025-08-06 00:19:29,637 log 31400 4144 Not Found: /.well-known/appspecific/com.chrome.devtools.json
INFO 2025-08-06 00:22:06,609 views 31400 4144 Categories page loaded with 5 main categories
INFO 2025-08-06 00:22:06,625 context_processors 31400 4144 Full Width 3-Level Categories context loaded: 5 main categories
INFO 2025-08-06 00:22:09,255 views 31400 4144 Home page loaded with 8 products
INFO 2025-08-06 00:27:54,367 context_processors 31400 31936 Full Width 3-Level Categories context loaded: 5 main categories
WARNING 2025-08-06 00:27:54,756 log 31400 20872 Not Found: /favicon.ico
INFO 2025-08-06 00:28:31,145 views 31400 20872 Category detail loaded: Aptek with 1 products
INFO 2025-08-06 00:28:42,346 views 31400 32592 Home page loaded with 8 products
WARNING 2025-08-06 00:28:45,289 log 31400 16228 Not Found: /.well-known/appspecific/com.chrome.devtools.json
INFO 2025-08-06 00:44:37,009 views 31400 24364 Category detail loaded: Elektronika with 3 products
INFO 2025-08-06 00:44:37,035 context_processors 31400 24364 Full Width 3-Level Categories context loaded: 5 main categories
WARNING 2025-08-06 00:44:37,179 log 31400 18948 Not Found: /.well-known/appspecific/com.chrome.devtools.json
INFO 2025-08-06 00:48:53,720 views 31400 13252 Category detail loaded: Elektronika with 3 products
WARNING 2025-08-06 00:48:53,830 log 31400 18948 Not Found: /.well-known/appspecific/com.chrome.devtools.json
INFO 2025-08-06 00:49:04,994 views 31400 18948 Home page loaded with 8 products
WARNING 2025-08-06 00:49:05,118 log 31400 13252 Not Found: /.well-known/appspecific/com.chrome.devtools.json
INFO 2025-08-06 00:49:11,843 views 31400 13252 Home page loaded with 8 products
WARNING 2025-08-06 00:49:11,957 log 31400 13252 Not Found: /.well-known/appspecific/com.chrome.devtools.json
INFO 2025-08-06 00:49:33,558 views 31400 13252 Category detail loaded: Qida with 1 products
WARNING 2025-08-06 00:49:33,688 log 31400 13252 Not Found: /.well-known/appspecific/com.chrome.devtools.json
INFO 2025-08-06 00:50:53,034 views 31400 13252 Category detail loaded: Elektronika with 3 products
INFO 2025-08-06 00:50:53,054 context_processors 31400 13252 Full Width 3-Level Categories context loaded: 5 main categories
WARNING 2025-08-06 00:50:53,263 log 31400 13252 Not Found: /.well-known/appspecific/com.chrome.devtools.json
INFO 2025-08-06 00:50:57,948 views 31400 13252 Home page loaded with 8 products
WARNING 2025-08-06 00:50:58,073 log 31400 24364 Not Found: /.well-known/appspecific/com.chrome.devtools.json
INFO 2025-08-06 01:03:41,759 views 31400 9644 Home page loaded with 8 products
INFO 2025-08-06 01:03:41,777 context_processors 31400 9644 Full Width 3-Level Categories context loaded: 5 main categories
WARNING 2025-08-06 01:03:44,051 log 31400 26408 Not Found: /.well-known/appspecific/com.chrome.devtools.json
INFO 2025-08-06 01:04:00,244 views 31400 26408 Category detail loaded: Elektronika with 3 products
WARNING 2025-08-06 01:04:00,377 log 31400 9644 Not Found: /.well-known/appspecific/com.chrome.devtools.json
INFO 2025-08-06 01:04:10,720 views 31400 9644 Category detail loaded: Sehiyye with 3 products
WARNING 2025-08-06 01:04:10,865 log 31400 26408 Not Found: /.well-known/appspecific/com.chrome.devtools.json
INFO 2025-08-06 01:05:33,653 views 31400 26408 Home page loaded with 8 products
WARNING 2025-08-06 01:05:33,794 log 31400 26408 Not Found: /.well-known/appspecific/com.chrome.devtools.json
INFO 2025-08-06 01:06:22,884 views 31400 26408 Category detail loaded: Qida with 1 products
WARNING 2025-08-06 01:06:23,058 log 31400 30680 Not Found: /.well-known/appspecific/com.chrome.devtools.json
INFO 2025-08-06 01:06:25,444 views 31400 30680 Home page loaded with 8 products
WARNING 2025-08-06 01:06:25,603 log 31400 26408 Not Found: /.well-known/appspecific/com.chrome.devtools.json
INFO 2025-08-06 01:15:32,628 views 31400 20020 Home page loaded with 8 products
INFO 2025-08-06 01:15:32,647 context_processors 31400 20020 Full Width 3-Level Categories context loaded: 5 main categories
WARNING 2025-08-06 01:15:32,791 log 31400 20020 Not Found: /.well-known/appspecific/com.chrome.devtools.json
INFO 2025-08-06 01:15:52,082 views 31400 20020 Home page loaded with 8 products
WARNING 2025-08-06 01:15:52,194 log 31400 13632 Not Found: /.well-known/appspecific/com.chrome.devtools.json
INFO 2025-08-06 01:16:04,482 views 31400 13632 Category detail loaded: Qida with 1 products
WARNING 2025-08-06 01:16:04,617 log 31400 32648 Not Found: /.well-known/appspecific/com.chrome.devtools.json
INFO 2025-08-06 01:20:17,535 views 31400 32648 Category detail loaded: Qida with 1 products
WARNING 2025-08-06 01:20:17,642 log 31400 13632 Not Found: /.well-known/appspecific/com.chrome.devtools.json
INFO 2025-08-06 01:20:20,364 views 31400 13632 Home page loaded with 8 products
WARNING 2025-08-06 01:20:20,662 log 31400 32648 Not Found: /.well-known/appspecific/com.chrome.devtools.json
INFO 2025-08-06 01:20:31,658 views 31400 32648 Category detail loaded: Qida with 1 products
WARNING 2025-08-06 01:20:31,776 log 31400 32648 Not Found: /.well-known/appspecific/com.chrome.devtools.json
INFO 2025-08-06 01:20:38,021 views 31400 32648 Home page loaded with 8 products
INFO 2025-08-06 01:20:38,043 context_processors 31400 32648 Full Width 3-Level Categories context loaded: 5 main categories
WARNING 2025-08-06 01:20:38,163 log 31400 29668 Not Found: /.well-known/appspecific/com.chrome.devtools.json
INFO 2025-08-06 01:32:52,805 views 31400 31188 Home page loaded with 8 products
INFO 2025-08-06 01:32:52,825 context_processors 31400 31188 Full Width 3-Level Categories context loaded: 5 main categories
WARNING 2025-08-06 01:32:53,114 log 31400 31188 Not Found: /.well-known/appspecific/com.chrome.devtools.json
INFO 2025-08-06 01:33:06,526 views 31400 31188 Home page loaded with 8 products
WARNING 2025-08-06 01:33:06,648 log 31400 31188 Not Found: /.well-known/appspecific/com.chrome.devtools.json
INFO 2025-08-06 01:38:48,689 views 31400 9632 Home page loaded with 8 products
INFO 2025-08-06 01:38:48,705 context_processors 31400 9632 Full Width 3-Level Categories context loaded: 5 main categories
WARNING 2025-08-06 01:38:48,814 log 31400 31288 Not Found: /.well-known/appspecific/com.chrome.devtools.json
INFO 2025-08-06 01:50:17,043 views 31400 19220 Home page loaded with 8 products
INFO 2025-08-06 01:50:17,062 context_processors 31400 19220 Full Width 3-Level Categories context loaded: 5 main categories
WARNING 2025-08-06 01:50:17,208 log 31400 19220 Not Found: /.well-known/appspecific/com.chrome.devtools.json
INFO 2025-08-06 02:11:14,107 views 31400 18496 Home page loaded with 8 products
INFO 2025-08-06 02:11:14,127 context_processors 31400 18496 Full Width 3-Level Categories context loaded: 5 main categories
WARNING 2025-08-06 02:11:14,396 log 31400 28180 Not Found: /.well-known/appspecific/com.chrome.devtools.json
INFO 2025-08-06 02:12:09,113 views 31400 28180 Category detail loaded: Aptek with 1 products
WARNING 2025-08-06 02:12:09,359 log 31400 18496 Not Found: /.well-known/appspecific/com.chrome.devtools.json
INFO 2025-08-06 02:27:39,092 views 31400 32160 Home page loaded with 8 products
INFO 2025-08-06 02:27:39,108 context_processors 31400 32160 Full Width 3-Level Categories context loaded: 5 main categories
INFO 2025-08-08 13:29:53,087 autoreload 12036 14416 Watching for file changes with StatReloader
INFO 2025-08-08 13:29:55,186 views 12036 18808 Home page loaded with 8 products
INFO 2025-08-08 13:29:55,277 context_processors 12036 18808 Full Width 3-Level Categories context loaded: 5 main categories
WARNING 2025-08-08 13:30:51,754 log 12036 13640 Not Found: /.well-known/appspecific/com.chrome.devtools.json
INFO 2025-08-08 13:31:07,473 views 12036 13640 Category detail loaded: Hediyye with 1 products
WARNING 2025-08-08 13:31:07,629 log 12036 19232 Not Found: /.well-known/appspecific/com.chrome.devtools.json
INFO 2025-08-08 13:31:12,032 views 12036 19232 Home page loaded with 8 products
WARNING 2025-08-08 13:31:12,156 log 12036 13640 Not Found: /.well-known/appspecific/com.chrome.devtools.json
WARNING 2025-08-08 13:31:32,114 log 12036 11628 Not Found: /favicon.ico
INFO 2025-08-08 13:53:49,925 views 12036 7524 Home page loaded with 0 products
INFO 2025-08-08 13:53:49,933 context_processors 12036 7524 Full Width 3-Level Categories context loaded: 0 main categories
INFO 2025-08-08 13:56:32,643 views 12036 22016 Home page loaded with 0 products
INFO 2025-08-08 13:56:46,928 views 12036 7524 Home page loaded with 0 products
WARNING 2025-08-08 13:58:37,935 log 12036 22016 Not Found: /favicon.ico
INFO 2025-08-08 14:12:11,874 autoreload 12036 14416 D:\projects\drop.az\catalog\models.py changed, reloading.
INFO 2025-08-08 14:12:12,565 autoreload 3060 14524 Watching for file changes with StatReloader
INFO 2025-08-08 14:12:23,116 autoreload 3060 14524 D:\projects\drop.az\catalog\models.py changed, reloading.
INFO 2025-08-08 14:12:23,707 autoreload 1792 18812 Watching for file changes with StatReloader
INFO 2025-08-08 14:12:31,234 autoreload 1792 18812 D:\projects\drop.az\catalog\admin.py changed, reloading.
INFO 2025-08-08 14:12:31,825 autoreload 12932 20068 Watching for file changes with StatReloader
INFO 2025-08-08 14:22:20,160 autoreload 14244 13180 Watching for file changes with StatReloader
INFO 2025-08-08 14:23:07,996 context_processors 14244 10336 Full Width 3-Level Categories context loaded: 0 main categories
INFO 2025-08-08 14:40:58,094 autoreload 14244 13180 D:\projects\drop.az\catalog\admin.py changed, reloading.
INFO 2025-08-08 14:40:58,710 autoreload 18464 17640 Watching for file changes with StatReloader
INFO 2025-08-08 14:43:38,488 autoreload 19572 12980 Watching for file changes with StatReloader
INFO 2025-08-08 14:43:44,316 context_processors 19572 18584 Full Width 3-Level Categories context loaded: 0 main categories
ERROR 2025-08-08 14:43:44,605 log 19572 18584 Internal Server Error: /admin/catalog/category/add/
Traceback (most recent call last):
  File "C:\Users\HP\AppData\Local\Programs\Python\Python311\Lib\site-packages\django\template\backends\django.py", line 33, in get_template
    return Template(self.engine.get_template(template_name), self)
                    ^^^^^^^^^^^^^^^^^^^^^^^^^^^^^^^^^^^^^^^
  File "C:\Users\HP\AppData\Local\Programs\Python\Python311\Lib\site-packages\django\template\engine.py", line 175, in get_template
    template, origin = self.find_template(template_name)
                       ^^^^^^^^^^^^^^^^^^^^^^^^^^^^^^^^^
  File "C:\Users\HP\AppData\Local\Programs\Python\Python311\Lib\site-packages\django\template\engine.py", line 161, in find_template
    raise TemplateDoesNotExist(name, tried=tried)
django.template.exceptions.TemplateDoesNotExist: admin/widgets/icon_picker.html

The above exception was the direct cause of the following exception:

Traceback (most recent call last):
  File "C:\Users\HP\AppData\Local\Programs\Python\Python311\Lib\site-packages\django\template\backends\django.py", line 61, in render
    return self.template.render(context)
           ^^^^^^^^^^^^^^^^^^^^^^^^^^^^^
  File "C:\Users\HP\AppData\Local\Programs\Python\Python311\Lib\site-packages\django\template\base.py", line 171, in render
    return self._render(context)
           ^^^^^^^^^^^^^^^^^^^^^
  File "C:\Users\HP\AppData\Local\Programs\Python\Python311\Lib\site-packages\django\template\base.py", line 163, in _render
    return self.nodelist.render(context)
           ^^^^^^^^^^^^^^^^^^^^^^^^^^^^^
  File "C:\Users\HP\AppData\Local\Programs\Python\Python311\Lib\site-packages\django\template\base.py", line 1000, in render
    return SafeString("".join([node.render_annotated(context) for node in self]))
                              ^^^^^^^^^^^^^^^^^^^^^^^^^^^^^^^^^^^^^^^^^^^^^^^^^
  File "C:\Users\HP\AppData\Local\Programs\Python\Python311\Lib\site-packages\django\template\base.py", line 1000, in <listcomp>
    return SafeString("".join([node.render_annotated(context) for node in self]))
                               ^^^^^^^^^^^^^^^^^^^^^^^^^^^^^^
  File "C:\Users\HP\AppData\Local\Programs\Python\Python311\Lib\site-packages\django\template\base.py", line 961, in render_annotated
    return self.render(context)
           ^^^^^^^^^^^^^^^^^^^^
  File "C:\Users\HP\AppData\Local\Programs\Python\Python311\Lib\site-packages\django\template\loader_tags.py", line 159, in render
    return compiled_parent._render(context)
           ^^^^^^^^^^^^^^^^^^^^^^^^^^^^^^^^
  File "C:\Users\HP\AppData\Local\Programs\Python\Python311\Lib\site-packages\django\template\base.py", line 163, in _render
    return self.nodelist.render(context)
           ^^^^^^^^^^^^^^^^^^^^^^^^^^^^^
  File "C:\Users\HP\AppData\Local\Programs\Python\Python311\Lib\site-packages\django\template\base.py", line 1000, in render
    return SafeString("".join([node.render_annotated(context) for node in self]))
                              ^^^^^^^^^^^^^^^^^^^^^^^^^^^^^^^^^^^^^^^^^^^^^^^^^
  File "C:\Users\HP\AppData\Local\Programs\Python\Python311\Lib\site-packages\django\template\base.py", line 1000, in <listcomp>
    return SafeString("".join([node.render_annotated(context) for node in self]))
                               ^^^^^^^^^^^^^^^^^^^^^^^^^^^^^^
  File "C:\Users\HP\AppData\Local\Programs\Python\Python311\Lib\site-packages\django\template\base.py", line 961, in render_annotated
    return self.render(context)
           ^^^^^^^^^^^^^^^^^^^^
  File "C:\Users\HP\AppData\Local\Programs\Python\Python311\Lib\site-packages\django\template\loader_tags.py", line 159, in render
    return compiled_parent._render(context)
           ^^^^^^^^^^^^^^^^^^^^^^^^^^^^^^^^
  File "C:\Users\HP\AppData\Local\Programs\Python\Python311\Lib\site-packages\django\template\base.py", line 163, in _render
    return self.nodelist.render(context)
           ^^^^^^^^^^^^^^^^^^^^^^^^^^^^^
  File "C:\Users\HP\AppData\Local\Programs\Python\Python311\Lib\site-packages\django\template\base.py", line 1000, in render
    return SafeString("".join([node.render_annotated(context) for node in self]))
                              ^^^^^^^^^^^^^^^^^^^^^^^^^^^^^^^^^^^^^^^^^^^^^^^^^
  File "C:\Users\HP\AppData\Local\Programs\Python\Python311\Lib\site-packages\django\template\base.py", line 1000, in <listcomp>
    return SafeString("".join([node.render_annotated(context) for node in self]))
                               ^^^^^^^^^^^^^^^^^^^^^^^^^^^^^^
  File "C:\Users\HP\AppData\Local\Programs\Python\Python311\Lib\site-packages\django\template\base.py", line 961, in render_annotated
    return self.render(context)
           ^^^^^^^^^^^^^^^^^^^^
  File "C:\Users\HP\AppData\Local\Programs\Python\Python311\Lib\site-packages\django\template\loader_tags.py", line 65, in render
    result = block.nodelist.render(context)
             ^^^^^^^^^^^^^^^^^^^^^^^^^^^^^^
  File "C:\Users\HP\AppData\Local\Programs\Python\Python311\Lib\site-packages\django\template\base.py", line 1000, in render
    return SafeString("".join([node.render_annotated(context) for node in self]))
                              ^^^^^^^^^^^^^^^^^^^^^^^^^^^^^^^^^^^^^^^^^^^^^^^^^
  File "C:\Users\HP\AppData\Local\Programs\Python\Python311\Lib\site-packages\django\template\base.py", line 1000, in <listcomp>
    return SafeString("".join([node.render_annotated(context) for node in self]))
                               ^^^^^^^^^^^^^^^^^^^^^^^^^^^^^^
  File "C:\Users\HP\AppData\Local\Programs\Python\Python311\Lib\site-packages\django\template\base.py", line 961, in render_annotated
    return self.render(context)
           ^^^^^^^^^^^^^^^^^^^^
  File "C:\Users\HP\AppData\Local\Programs\Python\Python311\Lib\site-packages\django\template\loader_tags.py", line 65, in render
    result = block.nodelist.render(context)
             ^^^^^^^^^^^^^^^^^^^^^^^^^^^^^^
  File "C:\Users\HP\AppData\Local\Programs\Python\Python311\Lib\site-packages\django\template\base.py", line 1000, in render
    return SafeString("".join([node.render_annotated(context) for node in self]))
                              ^^^^^^^^^^^^^^^^^^^^^^^^^^^^^^^^^^^^^^^^^^^^^^^^^
  File "C:\Users\HP\AppData\Local\Programs\Python\Python311\Lib\site-packages\django\template\base.py", line 1000, in <listcomp>
    return SafeString("".join([node.render_annotated(context) for node in self]))
                               ^^^^^^^^^^^^^^^^^^^^^^^^^^^^^^
  File "C:\Users\HP\AppData\Local\Programs\Python\Python311\Lib\site-packages\django\template\base.py", line 961, in render_annotated
    return self.render(context)
           ^^^^^^^^^^^^^^^^^^^^
  File "C:\Users\HP\AppData\Local\Programs\Python\Python311\Lib\site-packages\django\template\defaulttags.py", line 241, in render
    nodelist.append(node.render_annotated(context))
                    ^^^^^^^^^^^^^^^^^^^^^^^^^^^^^^
  File "C:\Users\HP\AppData\Local\Programs\Python\Python311\Lib\site-packages\django\template\base.py", line 961, in render_annotated
    return self.render(context)
           ^^^^^^^^^^^^^^^^^^^^
  File "C:\Users\HP\AppData\Local\Programs\Python\Python311\Lib\site-packages\django\template\loader_tags.py", line 210, in render
    return template.render(context)
           ^^^^^^^^^^^^^^^^^^^^^^^^
  File "C:\Users\HP\AppData\Local\Programs\Python\Python311\Lib\site-packages\django\template\base.py", line 173, in render
    return self._render(context)
           ^^^^^^^^^^^^^^^^^^^^^
  File "C:\Users\HP\AppData\Local\Programs\Python\Python311\Lib\site-packages\django\template\base.py", line 163, in _render
    return self.nodelist.render(context)
           ^^^^^^^^^^^^^^^^^^^^^^^^^^^^^
  File "C:\Users\HP\AppData\Local\Programs\Python\Python311\Lib\site-packages\django\template\base.py", line 1000, in render
    return SafeString("".join([node.render_annotated(context) for node in self]))
                              ^^^^^^^^^^^^^^^^^^^^^^^^^^^^^^^^^^^^^^^^^^^^^^^^^
  File "C:\Users\HP\AppData\Local\Programs\Python\Python311\Lib\site-packages\django\template\base.py", line 1000, in <listcomp>
    return SafeString("".join([node.render_annotated(context) for node in self]))
                               ^^^^^^^^^^^^^^^^^^^^^^^^^^^^^^
  File "C:\Users\HP\AppData\Local\Programs\Python\Python311\Lib\site-packages\django\template\base.py", line 961, in render_annotated
    return self.render(context)
           ^^^^^^^^^^^^^^^^^^^^
  File "C:\Users\HP\AppData\Local\Programs\Python\Python311\Lib\site-packages\django\template\defaulttags.py", line 241, in render
    nodelist.append(node.render_annotated(context))
                    ^^^^^^^^^^^^^^^^^^^^^^^^^^^^^^
  File "C:\Users\HP\AppData\Local\Programs\Python\Python311\Lib\site-packages\django\template\base.py", line 961, in render_annotated
    return self.render(context)
           ^^^^^^^^^^^^^^^^^^^^
  File "C:\Users\HP\AppData\Local\Programs\Python\Python311\Lib\site-packages\django\template\defaulttags.py", line 241, in render
    nodelist.append(node.render_annotated(context))
                    ^^^^^^^^^^^^^^^^^^^^^^^^^^^^^^
  File "C:\Users\HP\AppData\Local\Programs\Python\Python311\Lib\site-packages\django\template\base.py", line 961, in render_annotated
    return self.render(context)
           ^^^^^^^^^^^^^^^^^^^^
  File "C:\Users\HP\AppData\Local\Programs\Python\Python311\Lib\site-packages\django\template\defaulttags.py", line 325, in render
    return nodelist.render(context)
           ^^^^^^^^^^^^^^^^^^^^^^^^
  File "C:\Users\HP\AppData\Local\Programs\Python\Python311\Lib\site-packages\django\template\base.py", line 1000, in render
    return SafeString("".join([node.render_annotated(context) for node in self]))
                              ^^^^^^^^^^^^^^^^^^^^^^^^^^^^^^^^^^^^^^^^^^^^^^^^^
  File "C:\Users\HP\AppData\Local\Programs\Python\Python311\Lib\site-packages\django\template\base.py", line 1000, in <listcomp>
    return SafeString("".join([node.render_annotated(context) for node in self]))
                               ^^^^^^^^^^^^^^^^^^^^^^^^^^^^^^
  File "C:\Users\HP\AppData\Local\Programs\Python\Python311\Lib\site-packages\django\template\base.py", line 961, in render_annotated
    return self.render(context)
           ^^^^^^^^^^^^^^^^^^^^
  File "C:\Users\HP\AppData\Local\Programs\Python\Python311\Lib\site-packages\django\template\defaulttags.py", line 325, in render
    return nodelist.render(context)
           ^^^^^^^^^^^^^^^^^^^^^^^^
  File "C:\Users\HP\AppData\Local\Programs\Python\Python311\Lib\site-packages\django\template\base.py", line 1000, in render
    return SafeString("".join([node.render_annotated(context) for node in self]))
                              ^^^^^^^^^^^^^^^^^^^^^^^^^^^^^^^^^^^^^^^^^^^^^^^^^
  File "C:\Users\HP\AppData\Local\Programs\Python\Python311\Lib\site-packages\django\template\base.py", line 1000, in <listcomp>
    return SafeString("".join([node.render_annotated(context) for node in self]))
                               ^^^^^^^^^^^^^^^^^^^^^^^^^^^^^^
  File "C:\Users\HP\AppData\Local\Programs\Python\Python311\Lib\site-packages\django\template\base.py", line 961, in render_annotated
    return self.render(context)
           ^^^^^^^^^^^^^^^^^^^^
  File "C:\Users\HP\AppData\Local\Programs\Python\Python311\Lib\site-packages\django\template\base.py", line 1065, in render
    return render_value_in_context(output, context)
           ^^^^^^^^^^^^^^^^^^^^^^^^^^^^^^^^^^^^^^^^
  File "C:\Users\HP\AppData\Local\Programs\Python\Python311\Lib\site-packages\django\template\base.py", line 1042, in render_value_in_context
    value = str(value)
            ^^^^^^^^^^
  File "C:\Users\HP\AppData\Local\Programs\Python\Python311\Lib\site-packages\django\forms\utils.py", line 79, in __str__
    return self.as_widget()
           ^^^^^^^^^^^^^^^^
  File "C:\Users\HP\AppData\Local\Programs\Python\Python311\Lib\site-packages\django\forms\boundfield.py", line 108, in as_widget
    return widget.render(
           ^^^^^^^^^^^^^^
  File "D:\projects\drop.az\catalog\widgets.py", line 37, in render
    html_input = super().render(name, value, attrs, renderer)
                 ^^^^^^^^^^^^^^^^^^^^^^^^^^^^^^^^^^^^^^^^^^^^
  File "C:\Users\HP\AppData\Local\Programs\Python\Python311\Lib\site-packages\django\forms\widgets.py", line 275, in render
    return self._render(self.template_name, context, renderer)
           ^^^^^^^^^^^^^^^^^^^^^^^^^^^^^^^^^^^^^^^^^^^^^^^^^^^
  File "C:\Users\HP\AppData\Local\Programs\Python\Python311\Lib\site-packages\django\forms\widgets.py", line 280, in _render
    return mark_safe(renderer.render(template_name, context))
                     ^^^^^^^^^^^^^^^^^^^^^^^^^^^^^^^^^^^^^^^
  File "C:\Users\HP\AppData\Local\Programs\Python\Python311\Lib\site-packages\django\forms\renderers.py", line 28, in render
    template = self.get_template(template_name)
               ^^^^^^^^^^^^^^^^^^^^^^^^^^^^^^^^
  File "C:\Users\HP\AppData\Local\Programs\Python\Python311\Lib\site-packages\django\forms\renderers.py", line 34, in get_template
    return self.engine.get_template(template_name)
           ^^^^^^^^^^^^^^^^^^^^^^^^^^^^^^^^^^^^^^^
  File "C:\Users\HP\AppData\Local\Programs\Python\Python311\Lib\site-packages\django\template\backends\django.py", line 35, in get_template
    reraise(exc, self)
  File "C:\Users\HP\AppData\Local\Programs\Python\Python311\Lib\site-packages\django\template\backends\django.py", line 84, in reraise
    raise new from exc
django.template.exceptions.TemplateDoesNotExist: admin/widgets/icon_picker.html

The above exception was the direct cause of the following exception:

Traceback (most recent call last):
  File "C:\Users\HP\AppData\Local\Programs\Python\Python311\Lib\site-packages\django\core\handlers\exception.py", line 55, in inner
    response = get_response(request)
               ^^^^^^^^^^^^^^^^^^^^^
  File "C:\Users\HP\AppData\Local\Programs\Python\Python311\Lib\site-packages\django\core\handlers\base.py", line 220, in _get_response
    response = response.render()
               ^^^^^^^^^^^^^^^^^
  File "C:\Users\HP\AppData\Local\Programs\Python\Python311\Lib\site-packages\django\template\response.py", line 114, in render
    self.content = self.rendered_content
                   ^^^^^^^^^^^^^^^^^^^^^
  File "C:\Users\HP\AppData\Local\Programs\Python\Python311\Lib\site-packages\django\template\response.py", line 92, in rendered_content
    return template.render(context, self._request)
           ^^^^^^^^^^^^^^^^^^^^^^^^^^^^^^^^^^^^^^^
  File "C:\Users\HP\AppData\Local\Programs\Python\Python311\Lib\site-packages\django\template\backends\django.py", line 63, in render
    reraise(exc, self.backend)
  File "C:\Users\HP\AppData\Local\Programs\Python\Python311\Lib\site-packages\django\template\backends\django.py", line 84, in reraise
    raise new from exc
django.template.exceptions.TemplateDoesNotExist: admin/widgets/icon_picker.html
WARNING 2025-08-08 14:43:44,799 log 19572 18584 Not Found: /favicon.ico
ERROR 2025-08-08 14:43:54,790 log 19572 5456 Internal Server Error: /admin/catalog/category/add/
Traceback (most recent call last):
  File "C:\Users\HP\AppData\Local\Programs\Python\Python311\Lib\site-packages\django\template\backends\django.py", line 33, in get_template
    return Template(self.engine.get_template(template_name), self)
                    ^^^^^^^^^^^^^^^^^^^^^^^^^^^^^^^^^^^^^^^
  File "C:\Users\HP\AppData\Local\Programs\Python\Python311\Lib\site-packages\django\template\engine.py", line 175, in get_template
    template, origin = self.find_template(template_name)
                       ^^^^^^^^^^^^^^^^^^^^^^^^^^^^^^^^^
  File "C:\Users\HP\AppData\Local\Programs\Python\Python311\Lib\site-packages\django\template\engine.py", line 161, in find_template
    raise TemplateDoesNotExist(name, tried=tried)
django.template.exceptions.TemplateDoesNotExist: admin/widgets/icon_picker.html

The above exception was the direct cause of the following exception:

Traceback (most recent call last):
  File "C:\Users\HP\AppData\Local\Programs\Python\Python311\Lib\site-packages\django\template\backends\django.py", line 61, in render
    return self.template.render(context)
           ^^^^^^^^^^^^^^^^^^^^^^^^^^^^^
  File "C:\Users\HP\AppData\Local\Programs\Python\Python311\Lib\site-packages\django\template\base.py", line 171, in render
    return self._render(context)
           ^^^^^^^^^^^^^^^^^^^^^
  File "C:\Users\HP\AppData\Local\Programs\Python\Python311\Lib\site-packages\django\template\base.py", line 163, in _render
    return self.nodelist.render(context)
           ^^^^^^^^^^^^^^^^^^^^^^^^^^^^^
  File "C:\Users\HP\AppData\Local\Programs\Python\Python311\Lib\site-packages\django\template\base.py", line 1000, in render
    return SafeString("".join([node.render_annotated(context) for node in self]))
                              ^^^^^^^^^^^^^^^^^^^^^^^^^^^^^^^^^^^^^^^^^^^^^^^^^
  File "C:\Users\HP\AppData\Local\Programs\Python\Python311\Lib\site-packages\django\template\base.py", line 1000, in <listcomp>
    return SafeString("".join([node.render_annotated(context) for node in self]))
                               ^^^^^^^^^^^^^^^^^^^^^^^^^^^^^^
  File "C:\Users\HP\AppData\Local\Programs\Python\Python311\Lib\site-packages\django\template\base.py", line 961, in render_annotated
    return self.render(context)
           ^^^^^^^^^^^^^^^^^^^^
  File "C:\Users\HP\AppData\Local\Programs\Python\Python311\Lib\site-packages\django\template\loader_tags.py", line 159, in render
    return compiled_parent._render(context)
           ^^^^^^^^^^^^^^^^^^^^^^^^^^^^^^^^
  File "C:\Users\HP\AppData\Local\Programs\Python\Python311\Lib\site-packages\django\template\base.py", line 163, in _render
    return self.nodelist.render(context)
           ^^^^^^^^^^^^^^^^^^^^^^^^^^^^^
  File "C:\Users\HP\AppData\Local\Programs\Python\Python311\Lib\site-packages\django\template\base.py", line 1000, in render
    return SafeString("".join([node.render_annotated(context) for node in self]))
                              ^^^^^^^^^^^^^^^^^^^^^^^^^^^^^^^^^^^^^^^^^^^^^^^^^
  File "C:\Users\HP\AppData\Local\Programs\Python\Python311\Lib\site-packages\django\template\base.py", line 1000, in <listcomp>
    return SafeString("".join([node.render_annotated(context) for node in self]))
                               ^^^^^^^^^^^^^^^^^^^^^^^^^^^^^^
  File "C:\Users\HP\AppData\Local\Programs\Python\Python311\Lib\site-packages\django\template\base.py", line 961, in render_annotated
    return self.render(context)
           ^^^^^^^^^^^^^^^^^^^^
  File "C:\Users\HP\AppData\Local\Programs\Python\Python311\Lib\site-packages\django\template\loader_tags.py", line 159, in render
    return compiled_parent._render(context)
           ^^^^^^^^^^^^^^^^^^^^^^^^^^^^^^^^
  File "C:\Users\HP\AppData\Local\Programs\Python\Python311\Lib\site-packages\django\template\base.py", line 163, in _render
    return self.nodelist.render(context)
           ^^^^^^^^^^^^^^^^^^^^^^^^^^^^^
  File "C:\Users\HP\AppData\Local\Programs\Python\Python311\Lib\site-packages\django\template\base.py", line 1000, in render
    return SafeString("".join([node.render_annotated(context) for node in self]))
                              ^^^^^^^^^^^^^^^^^^^^^^^^^^^^^^^^^^^^^^^^^^^^^^^^^
  File "C:\Users\HP\AppData\Local\Programs\Python\Python311\Lib\site-packages\django\template\base.py", line 1000, in <listcomp>
    return SafeString("".join([node.render_annotated(context) for node in self]))
                               ^^^^^^^^^^^^^^^^^^^^^^^^^^^^^^
  File "C:\Users\HP\AppData\Local\Programs\Python\Python311\Lib\site-packages\django\template\base.py", line 961, in render_annotated
    return self.render(context)
           ^^^^^^^^^^^^^^^^^^^^
  File "C:\Users\HP\AppData\Local\Programs\Python\Python311\Lib\site-packages\django\template\loader_tags.py", line 65, in render
    result = block.nodelist.render(context)
             ^^^^^^^^^^^^^^^^^^^^^^^^^^^^^^
  File "C:\Users\HP\AppData\Local\Programs\Python\Python311\Lib\site-packages\django\template\base.py", line 1000, in render
    return SafeString("".join([node.render_annotated(context) for node in self]))
                              ^^^^^^^^^^^^^^^^^^^^^^^^^^^^^^^^^^^^^^^^^^^^^^^^^
  File "C:\Users\HP\AppData\Local\Programs\Python\Python311\Lib\site-packages\django\template\base.py", line 1000, in <listcomp>
    return SafeString("".join([node.render_annotated(context) for node in self]))
                               ^^^^^^^^^^^^^^^^^^^^^^^^^^^^^^
  File "C:\Users\HP\AppData\Local\Programs\Python\Python311\Lib\site-packages\django\template\base.py", line 961, in render_annotated
    return self.render(context)
           ^^^^^^^^^^^^^^^^^^^^
  File "C:\Users\HP\AppData\Local\Programs\Python\Python311\Lib\site-packages\django\template\loader_tags.py", line 65, in render
    result = block.nodelist.render(context)
             ^^^^^^^^^^^^^^^^^^^^^^^^^^^^^^
  File "C:\Users\HP\AppData\Local\Programs\Python\Python311\Lib\site-packages\django\template\base.py", line 1000, in render
    return SafeString("".join([node.render_annotated(context) for node in self]))
                              ^^^^^^^^^^^^^^^^^^^^^^^^^^^^^^^^^^^^^^^^^^^^^^^^^
  File "C:\Users\HP\AppData\Local\Programs\Python\Python311\Lib\site-packages\django\template\base.py", line 1000, in <listcomp>
    return SafeString("".join([node.render_annotated(context) for node in self]))
                               ^^^^^^^^^^^^^^^^^^^^^^^^^^^^^^
  File "C:\Users\HP\AppData\Local\Programs\Python\Python311\Lib\site-packages\django\template\base.py", line 961, in render_annotated
    return self.render(context)
           ^^^^^^^^^^^^^^^^^^^^
  File "C:\Users\HP\AppData\Local\Programs\Python\Python311\Lib\site-packages\django\template\defaulttags.py", line 241, in render
    nodelist.append(node.render_annotated(context))
                    ^^^^^^^^^^^^^^^^^^^^^^^^^^^^^^
  File "C:\Users\HP\AppData\Local\Programs\Python\Python311\Lib\site-packages\django\template\base.py", line 961, in render_annotated
    return self.render(context)
           ^^^^^^^^^^^^^^^^^^^^
  File "C:\Users\HP\AppData\Local\Programs\Python\Python311\Lib\site-packages\django\template\loader_tags.py", line 210, in render
    return template.render(context)
           ^^^^^^^^^^^^^^^^^^^^^^^^
  File "C:\Users\HP\AppData\Local\Programs\Python\Python311\Lib\site-packages\django\template\base.py", line 173, in render
    return self._render(context)
           ^^^^^^^^^^^^^^^^^^^^^
  File "C:\Users\HP\AppData\Local\Programs\Python\Python311\Lib\site-packages\django\template\base.py", line 163, in _render
    return self.nodelist.render(context)
           ^^^^^^^^^^^^^^^^^^^^^^^^^^^^^
  File "C:\Users\HP\AppData\Local\Programs\Python\Python311\Lib\site-packages\django\template\base.py", line 1000, in render
    return SafeString("".join([node.render_annotated(context) for node in self]))
                              ^^^^^^^^^^^^^^^^^^^^^^^^^^^^^^^^^^^^^^^^^^^^^^^^^
  File "C:\Users\HP\AppData\Local\Programs\Python\Python311\Lib\site-packages\django\template\base.py", line 1000, in <listcomp>
    return SafeString("".join([node.render_annotated(context) for node in self]))
                               ^^^^^^^^^^^^^^^^^^^^^^^^^^^^^^
  File "C:\Users\HP\AppData\Local\Programs\Python\Python311\Lib\site-packages\django\template\base.py", line 961, in render_annotated
    return self.render(context)
           ^^^^^^^^^^^^^^^^^^^^
  File "C:\Users\HP\AppData\Local\Programs\Python\Python311\Lib\site-packages\django\template\defaulttags.py", line 241, in render
    nodelist.append(node.render_annotated(context))
                    ^^^^^^^^^^^^^^^^^^^^^^^^^^^^^^
  File "C:\Users\HP\AppData\Local\Programs\Python\Python311\Lib\site-packages\django\template\base.py", line 961, in render_annotated
    return self.render(context)
           ^^^^^^^^^^^^^^^^^^^^
  File "C:\Users\HP\AppData\Local\Programs\Python\Python311\Lib\site-packages\django\template\defaulttags.py", line 241, in render
    nodelist.append(node.render_annotated(context))
                    ^^^^^^^^^^^^^^^^^^^^^^^^^^^^^^
  File "C:\Users\HP\AppData\Local\Programs\Python\Python311\Lib\site-packages\django\template\base.py", line 961, in render_annotated
    return self.render(context)
           ^^^^^^^^^^^^^^^^^^^^
  File "C:\Users\HP\AppData\Local\Programs\Python\Python311\Lib\site-packages\django\template\defaulttags.py", line 325, in render
    return nodelist.render(context)
           ^^^^^^^^^^^^^^^^^^^^^^^^
  File "C:\Users\HP\AppData\Local\Programs\Python\Python311\Lib\site-packages\django\template\base.py", line 1000, in render
    return SafeString("".join([node.render_annotated(context) for node in self]))
                              ^^^^^^^^^^^^^^^^^^^^^^^^^^^^^^^^^^^^^^^^^^^^^^^^^
  File "C:\Users\HP\AppData\Local\Programs\Python\Python311\Lib\site-packages\django\template\base.py", line 1000, in <listcomp>
    return SafeString("".join([node.render_annotated(context) for node in self]))
                               ^^^^^^^^^^^^^^^^^^^^^^^^^^^^^^
  File "C:\Users\HP\AppData\Local\Programs\Python\Python311\Lib\site-packages\django\template\base.py", line 961, in render_annotated
    return self.render(context)
           ^^^^^^^^^^^^^^^^^^^^
  File "C:\Users\HP\AppData\Local\Programs\Python\Python311\Lib\site-packages\django\template\defaulttags.py", line 325, in render
    return nodelist.render(context)
           ^^^^^^^^^^^^^^^^^^^^^^^^
  File "C:\Users\HP\AppData\Local\Programs\Python\Python311\Lib\site-packages\django\template\base.py", line 1000, in render
    return SafeString("".join([node.render_annotated(context) for node in self]))
                              ^^^^^^^^^^^^^^^^^^^^^^^^^^^^^^^^^^^^^^^^^^^^^^^^^
  File "C:\Users\HP\AppData\Local\Programs\Python\Python311\Lib\site-packages\django\template\base.py", line 1000, in <listcomp>
    return SafeString("".join([node.render_annotated(context) for node in self]))
                               ^^^^^^^^^^^^^^^^^^^^^^^^^^^^^^
  File "C:\Users\HP\AppData\Local\Programs\Python\Python311\Lib\site-packages\django\template\base.py", line 961, in render_annotated
    return self.render(context)
           ^^^^^^^^^^^^^^^^^^^^
  File "C:\Users\HP\AppData\Local\Programs\Python\Python311\Lib\site-packages\django\template\base.py", line 1065, in render
    return render_value_in_context(output, context)
           ^^^^^^^^^^^^^^^^^^^^^^^^^^^^^^^^^^^^^^^^
  File "C:\Users\HP\AppData\Local\Programs\Python\Python311\Lib\site-packages\django\template\base.py", line 1042, in render_value_in_context
    value = str(value)
            ^^^^^^^^^^
  File "C:\Users\HP\AppData\Local\Programs\Python\Python311\Lib\site-packages\django\forms\utils.py", line 79, in __str__
    return self.as_widget()
           ^^^^^^^^^^^^^^^^
  File "C:\Users\HP\AppData\Local\Programs\Python\Python311\Lib\site-packages\django\forms\boundfield.py", line 108, in as_widget
    return widget.render(
           ^^^^^^^^^^^^^^
  File "D:\projects\drop.az\catalog\widgets.py", line 37, in render
    html_input = super().render(name, value, attrs, renderer)
                 ^^^^^^^^^^^^^^^^^^^^^^^^^^^^^^^^^^^^^^^^^^^^
  File "C:\Users\HP\AppData\Local\Programs\Python\Python311\Lib\site-packages\django\forms\widgets.py", line 275, in render
    return self._render(self.template_name, context, renderer)
           ^^^^^^^^^^^^^^^^^^^^^^^^^^^^^^^^^^^^^^^^^^^^^^^^^^^
  File "C:\Users\HP\AppData\Local\Programs\Python\Python311\Lib\site-packages\django\forms\widgets.py", line 280, in _render
    return mark_safe(renderer.render(template_name, context))
                     ^^^^^^^^^^^^^^^^^^^^^^^^^^^^^^^^^^^^^^^
  File "C:\Users\HP\AppData\Local\Programs\Python\Python311\Lib\site-packages\django\forms\renderers.py", line 28, in render
    template = self.get_template(template_name)
               ^^^^^^^^^^^^^^^^^^^^^^^^^^^^^^^^
  File "C:\Users\HP\AppData\Local\Programs\Python\Python311\Lib\site-packages\django\forms\renderers.py", line 34, in get_template
    return self.engine.get_template(template_name)
           ^^^^^^^^^^^^^^^^^^^^^^^^^^^^^^^^^^^^^^^
  File "C:\Users\HP\AppData\Local\Programs\Python\Python311\Lib\site-packages\django\template\backends\django.py", line 35, in get_template
    reraise(exc, self)
  File "C:\Users\HP\AppData\Local\Programs\Python\Python311\Lib\site-packages\django\template\backends\django.py", line 84, in reraise
    raise new from exc
django.template.exceptions.TemplateDoesNotExist: admin/widgets/icon_picker.html

The above exception was the direct cause of the following exception:

Traceback (most recent call last):
  File "C:\Users\HP\AppData\Local\Programs\Python\Python311\Lib\site-packages\django\core\handlers\exception.py", line 55, in inner
    response = get_response(request)
               ^^^^^^^^^^^^^^^^^^^^^
  File "C:\Users\HP\AppData\Local\Programs\Python\Python311\Lib\site-packages\django\core\handlers\base.py", line 220, in _get_response
    response = response.render()
               ^^^^^^^^^^^^^^^^^
  File "C:\Users\HP\AppData\Local\Programs\Python\Python311\Lib\site-packages\django\template\response.py", line 114, in render
    self.content = self.rendered_content
                   ^^^^^^^^^^^^^^^^^^^^^
  File "C:\Users\HP\AppData\Local\Programs\Python\Python311\Lib\site-packages\django\template\response.py", line 92, in rendered_content
    return template.render(context, self._request)
           ^^^^^^^^^^^^^^^^^^^^^^^^^^^^^^^^^^^^^^^
  File "C:\Users\HP\AppData\Local\Programs\Python\Python311\Lib\site-packages\django\template\backends\django.py", line 63, in render
    reraise(exc, self.backend)
  File "C:\Users\HP\AppData\Local\Programs\Python\Python311\Lib\site-packages\django\template\backends\django.py", line 84, in reraise
    raise new from exc
django.template.exceptions.TemplateDoesNotExist: admin/widgets/icon_picker.html
INFO 2025-08-08 14:59:26,858 autoreload 6712 16116 Watching for file changes with StatReloader
INFO 2025-08-08 14:59:48,491 context_processors 6712 14444 Full Width 3-Level Categories context loaded: 0 main categories
ERROR 2025-08-08 14:59:57,461 log 6712 14444 Internal Server Error: /admin/catalog/category/add/
Traceback (most recent call last):
  File "C:\Users\HP\AppData\Local\Programs\Python\Python311\Lib\site-packages\django\template\backends\django.py", line 33, in get_template
    return Template(self.engine.get_template(template_name), self)
                    ^^^^^^^^^^^^^^^^^^^^^^^^^^^^^^^^^^^^^^^
  File "C:\Users\HP\AppData\Local\Programs\Python\Python311\Lib\site-packages\django\template\engine.py", line 175, in get_template
    template, origin = self.find_template(template_name)
                       ^^^^^^^^^^^^^^^^^^^^^^^^^^^^^^^^^
  File "C:\Users\HP\AppData\Local\Programs\Python\Python311\Lib\site-packages\django\template\engine.py", line 161, in find_template
    raise TemplateDoesNotExist(name, tried=tried)
django.template.exceptions.TemplateDoesNotExist: admin/widgets/icon_picker.html

The above exception was the direct cause of the following exception:

Traceback (most recent call last):
  File "C:\Users\HP\AppData\Local\Programs\Python\Python311\Lib\site-packages\django\template\backends\django.py", line 61, in render
    return self.template.render(context)
           ^^^^^^^^^^^^^^^^^^^^^^^^^^^^^
  File "C:\Users\HP\AppData\Local\Programs\Python\Python311\Lib\site-packages\django\template\base.py", line 171, in render
    return self._render(context)
           ^^^^^^^^^^^^^^^^^^^^^
  File "C:\Users\HP\AppData\Local\Programs\Python\Python311\Lib\site-packages\django\template\base.py", line 163, in _render
    return self.nodelist.render(context)
           ^^^^^^^^^^^^^^^^^^^^^^^^^^^^^
  File "C:\Users\HP\AppData\Local\Programs\Python\Python311\Lib\site-packages\django\template\base.py", line 1000, in render
    return SafeString("".join([node.render_annotated(context) for node in self]))
                              ^^^^^^^^^^^^^^^^^^^^^^^^^^^^^^^^^^^^^^^^^^^^^^^^^
  File "C:\Users\HP\AppData\Local\Programs\Python\Python311\Lib\site-packages\django\template\base.py", line 1000, in <listcomp>
    return SafeString("".join([node.render_annotated(context) for node in self]))
                               ^^^^^^^^^^^^^^^^^^^^^^^^^^^^^^
  File "C:\Users\HP\AppData\Local\Programs\Python\Python311\Lib\site-packages\django\template\base.py", line 961, in render_annotated
    return self.render(context)
           ^^^^^^^^^^^^^^^^^^^^
  File "C:\Users\HP\AppData\Local\Programs\Python\Python311\Lib\site-packages\django\template\loader_tags.py", line 159, in render
    return compiled_parent._render(context)
           ^^^^^^^^^^^^^^^^^^^^^^^^^^^^^^^^
  File "C:\Users\HP\AppData\Local\Programs\Python\Python311\Lib\site-packages\django\template\base.py", line 163, in _render
    return self.nodelist.render(context)
           ^^^^^^^^^^^^^^^^^^^^^^^^^^^^^
  File "C:\Users\HP\AppData\Local\Programs\Python\Python311\Lib\site-packages\django\template\base.py", line 1000, in render
    return SafeString("".join([node.render_annotated(context) for node in self]))
                              ^^^^^^^^^^^^^^^^^^^^^^^^^^^^^^^^^^^^^^^^^^^^^^^^^
  File "C:\Users\HP\AppData\Local\Programs\Python\Python311\Lib\site-packages\django\template\base.py", line 1000, in <listcomp>
    return SafeString("".join([node.render_annotated(context) for node in self]))
                               ^^^^^^^^^^^^^^^^^^^^^^^^^^^^^^
  File "C:\Users\HP\AppData\Local\Programs\Python\Python311\Lib\site-packages\django\template\base.py", line 961, in render_annotated
    return self.render(context)
           ^^^^^^^^^^^^^^^^^^^^
  File "C:\Users\HP\AppData\Local\Programs\Python\Python311\Lib\site-packages\django\template\loader_tags.py", line 159, in render
    return compiled_parent._render(context)
           ^^^^^^^^^^^^^^^^^^^^^^^^^^^^^^^^
  File "C:\Users\HP\AppData\Local\Programs\Python\Python311\Lib\site-packages\django\template\base.py", line 163, in _render
    return self.nodelist.render(context)
           ^^^^^^^^^^^^^^^^^^^^^^^^^^^^^
  File "C:\Users\HP\AppData\Local\Programs\Python\Python311\Lib\site-packages\django\template\base.py", line 1000, in render
    return SafeString("".join([node.render_annotated(context) for node in self]))
                              ^^^^^^^^^^^^^^^^^^^^^^^^^^^^^^^^^^^^^^^^^^^^^^^^^
  File "C:\Users\HP\AppData\Local\Programs\Python\Python311\Lib\site-packages\django\template\base.py", line 1000, in <listcomp>
    return SafeString("".join([node.render_annotated(context) for node in self]))
                               ^^^^^^^^^^^^^^^^^^^^^^^^^^^^^^
  File "C:\Users\HP\AppData\Local\Programs\Python\Python311\Lib\site-packages\django\template\base.py", line 961, in render_annotated
    return self.render(context)
           ^^^^^^^^^^^^^^^^^^^^
  File "C:\Users\HP\AppData\Local\Programs\Python\Python311\Lib\site-packages\django\template\loader_tags.py", line 65, in render
    result = block.nodelist.render(context)
             ^^^^^^^^^^^^^^^^^^^^^^^^^^^^^^
  File "C:\Users\HP\AppData\Local\Programs\Python\Python311\Lib\site-packages\django\template\base.py", line 1000, in render
    return SafeString("".join([node.render_annotated(context) for node in self]))
                              ^^^^^^^^^^^^^^^^^^^^^^^^^^^^^^^^^^^^^^^^^^^^^^^^^
  File "C:\Users\HP\AppData\Local\Programs\Python\Python311\Lib\site-packages\django\template\base.py", line 1000, in <listcomp>
    return SafeString("".join([node.render_annotated(context) for node in self]))
                               ^^^^^^^^^^^^^^^^^^^^^^^^^^^^^^
  File "C:\Users\HP\AppData\Local\Programs\Python\Python311\Lib\site-packages\django\template\base.py", line 961, in render_annotated
    return self.render(context)
           ^^^^^^^^^^^^^^^^^^^^
  File "C:\Users\HP\AppData\Local\Programs\Python\Python311\Lib\site-packages\django\template\loader_tags.py", line 65, in render
    result = block.nodelist.render(context)
             ^^^^^^^^^^^^^^^^^^^^^^^^^^^^^^
  File "C:\Users\HP\AppData\Local\Programs\Python\Python311\Lib\site-packages\django\template\base.py", line 1000, in render
    return SafeString("".join([node.render_annotated(context) for node in self]))
                              ^^^^^^^^^^^^^^^^^^^^^^^^^^^^^^^^^^^^^^^^^^^^^^^^^
  File "C:\Users\HP\AppData\Local\Programs\Python\Python311\Lib\site-packages\django\template\base.py", line 1000, in <listcomp>
    return SafeString("".join([node.render_annotated(context) for node in self]))
                               ^^^^^^^^^^^^^^^^^^^^^^^^^^^^^^
  File "C:\Users\HP\AppData\Local\Programs\Python\Python311\Lib\site-packages\django\template\base.py", line 961, in render_annotated
    return self.render(context)
           ^^^^^^^^^^^^^^^^^^^^
  File "C:\Users\HP\AppData\Local\Programs\Python\Python311\Lib\site-packages\django\template\defaulttags.py", line 241, in render
    nodelist.append(node.render_annotated(context))
                    ^^^^^^^^^^^^^^^^^^^^^^^^^^^^^^
  File "C:\Users\HP\AppData\Local\Programs\Python\Python311\Lib\site-packages\django\template\base.py", line 961, in render_annotated
    return self.render(context)
           ^^^^^^^^^^^^^^^^^^^^
  File "C:\Users\HP\AppData\Local\Programs\Python\Python311\Lib\site-packages\django\template\loader_tags.py", line 210, in render
    return template.render(context)
           ^^^^^^^^^^^^^^^^^^^^^^^^
  File "C:\Users\HP\AppData\Local\Programs\Python\Python311\Lib\site-packages\django\template\base.py", line 173, in render
    return self._render(context)
           ^^^^^^^^^^^^^^^^^^^^^
  File "C:\Users\HP\AppData\Local\Programs\Python\Python311\Lib\site-packages\django\template\base.py", line 163, in _render
    return self.nodelist.render(context)
           ^^^^^^^^^^^^^^^^^^^^^^^^^^^^^
  File "C:\Users\HP\AppData\Local\Programs\Python\Python311\Lib\site-packages\django\template\base.py", line 1000, in render
    return SafeString("".join([node.render_annotated(context) for node in self]))
                              ^^^^^^^^^^^^^^^^^^^^^^^^^^^^^^^^^^^^^^^^^^^^^^^^^
  File "C:\Users\HP\AppData\Local\Programs\Python\Python311\Lib\site-packages\django\template\base.py", line 1000, in <listcomp>
    return SafeString("".join([node.render_annotated(context) for node in self]))
                               ^^^^^^^^^^^^^^^^^^^^^^^^^^^^^^
  File "C:\Users\HP\AppData\Local\Programs\Python\Python311\Lib\site-packages\django\template\base.py", line 961, in render_annotated
    return self.render(context)
           ^^^^^^^^^^^^^^^^^^^^
  File "C:\Users\HP\AppData\Local\Programs\Python\Python311\Lib\site-packages\django\template\defaulttags.py", line 241, in render
    nodelist.append(node.render_annotated(context))
                    ^^^^^^^^^^^^^^^^^^^^^^^^^^^^^^
  File "C:\Users\HP\AppData\Local\Programs\Python\Python311\Lib\site-packages\django\template\base.py", line 961, in render_annotated
    return self.render(context)
           ^^^^^^^^^^^^^^^^^^^^
  File "C:\Users\HP\AppData\Local\Programs\Python\Python311\Lib\site-packages\django\template\defaulttags.py", line 241, in render
    nodelist.append(node.render_annotated(context))
                    ^^^^^^^^^^^^^^^^^^^^^^^^^^^^^^
  File "C:\Users\HP\AppData\Local\Programs\Python\Python311\Lib\site-packages\django\template\base.py", line 961, in render_annotated
    return self.render(context)
           ^^^^^^^^^^^^^^^^^^^^
  File "C:\Users\HP\AppData\Local\Programs\Python\Python311\Lib\site-packages\django\template\defaulttags.py", line 325, in render
    return nodelist.render(context)
           ^^^^^^^^^^^^^^^^^^^^^^^^
  File "C:\Users\HP\AppData\Local\Programs\Python\Python311\Lib\site-packages\django\template\base.py", line 1000, in render
    return SafeString("".join([node.render_annotated(context) for node in self]))
                              ^^^^^^^^^^^^^^^^^^^^^^^^^^^^^^^^^^^^^^^^^^^^^^^^^
  File "C:\Users\HP\AppData\Local\Programs\Python\Python311\Lib\site-packages\django\template\base.py", line 1000, in <listcomp>
    return SafeString("".join([node.render_annotated(context) for node in self]))
                               ^^^^^^^^^^^^^^^^^^^^^^^^^^^^^^
  File "C:\Users\HP\AppData\Local\Programs\Python\Python311\Lib\site-packages\django\template\base.py", line 961, in render_annotated
    return self.render(context)
           ^^^^^^^^^^^^^^^^^^^^
  File "C:\Users\HP\AppData\Local\Programs\Python\Python311\Lib\site-packages\django\template\defaulttags.py", line 325, in render
    return nodelist.render(context)
           ^^^^^^^^^^^^^^^^^^^^^^^^
  File "C:\Users\HP\AppData\Local\Programs\Python\Python311\Lib\site-packages\django\template\base.py", line 1000, in render
    return SafeString("".join([node.render_annotated(context) for node in self]))
                              ^^^^^^^^^^^^^^^^^^^^^^^^^^^^^^^^^^^^^^^^^^^^^^^^^
  File "C:\Users\HP\AppData\Local\Programs\Python\Python311\Lib\site-packages\django\template\base.py", line 1000, in <listcomp>
    return SafeString("".join([node.render_annotated(context) for node in self]))
                               ^^^^^^^^^^^^^^^^^^^^^^^^^^^^^^
  File "C:\Users\HP\AppData\Local\Programs\Python\Python311\Lib\site-packages\django\template\base.py", line 961, in render_annotated
    return self.render(context)
           ^^^^^^^^^^^^^^^^^^^^
  File "C:\Users\HP\AppData\Local\Programs\Python\Python311\Lib\site-packages\django\template\base.py", line 1065, in render
    return render_value_in_context(output, context)
           ^^^^^^^^^^^^^^^^^^^^^^^^^^^^^^^^^^^^^^^^
  File "C:\Users\HP\AppData\Local\Programs\Python\Python311\Lib\site-packages\django\template\base.py", line 1042, in render_value_in_context
    value = str(value)
            ^^^^^^^^^^
  File "C:\Users\HP\AppData\Local\Programs\Python\Python311\Lib\site-packages\django\forms\utils.py", line 79, in __str__
    return self.as_widget()
           ^^^^^^^^^^^^^^^^
  File "C:\Users\HP\AppData\Local\Programs\Python\Python311\Lib\site-packages\django\forms\boundfield.py", line 108, in as_widget
    return widget.render(
           ^^^^^^^^^^^^^^
  File "D:\projects\drop.az\catalog\widgets.py", line 37, in render
    html_input = super().render(name, value, attrs, renderer)
                 ^^^^^^^^^^^^^^^^^^^^^^^^^^^^^^^^^^^^^^^^^^^^
  File "C:\Users\HP\AppData\Local\Programs\Python\Python311\Lib\site-packages\django\forms\widgets.py", line 275, in render
    return self._render(self.template_name, context, renderer)
           ^^^^^^^^^^^^^^^^^^^^^^^^^^^^^^^^^^^^^^^^^^^^^^^^^^^
  File "C:\Users\HP\AppData\Local\Programs\Python\Python311\Lib\site-packages\django\forms\widgets.py", line 280, in _render
    return mark_safe(renderer.render(template_name, context))
                     ^^^^^^^^^^^^^^^^^^^^^^^^^^^^^^^^^^^^^^^
  File "C:\Users\HP\AppData\Local\Programs\Python\Python311\Lib\site-packages\django\forms\renderers.py", line 28, in render
    template = self.get_template(template_name)
               ^^^^^^^^^^^^^^^^^^^^^^^^^^^^^^^^
  File "C:\Users\HP\AppData\Local\Programs\Python\Python311\Lib\site-packages\django\forms\renderers.py", line 34, in get_template
    return self.engine.get_template(template_name)
           ^^^^^^^^^^^^^^^^^^^^^^^^^^^^^^^^^^^^^^^
  File "C:\Users\HP\AppData\Local\Programs\Python\Python311\Lib\site-packages\django\template\backends\django.py", line 35, in get_template
    reraise(exc, self)
  File "C:\Users\HP\AppData\Local\Programs\Python\Python311\Lib\site-packages\django\template\backends\django.py", line 84, in reraise
    raise new from exc
django.template.exceptions.TemplateDoesNotExist: admin/widgets/icon_picker.html

The above exception was the direct cause of the following exception:

Traceback (most recent call last):
  File "C:\Users\HP\AppData\Local\Programs\Python\Python311\Lib\site-packages\django\core\handlers\exception.py", line 55, in inner
    response = get_response(request)
               ^^^^^^^^^^^^^^^^^^^^^
  File "C:\Users\HP\AppData\Local\Programs\Python\Python311\Lib\site-packages\django\core\handlers\base.py", line 220, in _get_response
    response = response.render()
               ^^^^^^^^^^^^^^^^^
  File "C:\Users\HP\AppData\Local\Programs\Python\Python311\Lib\site-packages\django\template\response.py", line 114, in render
    self.content = self.rendered_content
                   ^^^^^^^^^^^^^^^^^^^^^
  File "C:\Users\HP\AppData\Local\Programs\Python\Python311\Lib\site-packages\django\template\response.py", line 92, in rendered_content
    return template.render(context, self._request)
           ^^^^^^^^^^^^^^^^^^^^^^^^^^^^^^^^^^^^^^^
  File "C:\Users\HP\AppData\Local\Programs\Python\Python311\Lib\site-packages\django\template\backends\django.py", line 63, in render
    reraise(exc, self.backend)
  File "C:\Users\HP\AppData\Local\Programs\Python\Python311\Lib\site-packages\django\template\backends\django.py", line 84, in reraise
    raise new from exc
django.template.exceptions.TemplateDoesNotExist: admin/widgets/icon_picker.html
INFO 2025-08-08 15:00:45,306 autoreload 6712 16116 D:\projects\drop.az\core\settings.py changed, reloading.
INFO 2025-08-08 15:00:45,867 autoreload 7824 15284 Watching for file changes with StatReloader
INFO 2025-08-08 15:00:52,384 autoreload 7824 15284 D:\projects\drop.az\catalog\widgets.py changed, reloading.
INFO 2025-08-08 15:00:52,969 autoreload 11808 376 Watching for file changes with StatReloader
INFO 2025-08-08 15:00:58,169 context_processors 11808 22676 Full Width 3-Level Categories context loaded: 0 main categories
INFO 2025-08-08 15:02:20,591 autoreload 11808 376 D:\projects\drop.az\catalog\widgets.py changed, reloading.
INFO 2025-08-08 15:02:21,167 autoreload 19028 17884 Watching for file changes with StatReloader
INFO 2025-08-08 15:02:26,897 context_processors 19028 14132 Full Width 3-Level Categories context loaded: 0 main categories
WARNING 2025-08-08 15:02:27,734 log 19028 18752 Not Found: /favicon.ico
INFO 2025-08-08 15:05:27,317 autoreload 19028 17884 D:\projects\drop.az\catalog\widgets.py changed, reloading.
INFO 2025-08-08 15:05:27,902 autoreload 17604 12336 Watching for file changes with StatReloader
INFO 2025-08-08 15:05:31,152 context_processors 17604 16568 Full Width 3-Level Categories context loaded: 0 main categories
WARNING 2025-08-08 15:05:32,004 log 17604 13460 Not Found: /favicon.ico
INFO 2025-08-08 15:09:41,851 views 17604 15784 Home page loaded with 0 products
INFO 2025-08-08 15:09:51,829 views 17604 4808 Home page loaded with 0 products
